[ 2017-08-22T11:07:03+08:00 ] ::1 /minihaochecppj/index.php/Ht/Login/index.html
NOTIC: [8] Use of undefined constant SHOW_PAGE_TRACE - assumed 'SHOW_PAGE_TRACE' F:\phpStudy\WWW\minihaochecppj\App\Common\Conf\debug.php 第 4 行.
INFO: [ app_init ] --START--
INFO: Run Behavior\BuildLiteBehavior [ RunTime:0.000025s ]
INFO: [ app_init ] --END-- [ RunTime:0.000120s ]
INFO: [ app_begin ] --START--
INFO: Run Behavior\ReadHtmlCacheBehavior [ RunTime:0.004641s ]
INFO: [ app_begin ] --END-- [ RunTime:0.004764s ]
SQL: SHOW COLUMNS FROM `lr_program` [ RunTime:0.0271s ]
SQL: SELECT * FROM `lr_program` LIMIT 1   [ RunTime:0.0005s ]
INFO: [ view_parse ] --START--
INFO: [ template_filter ] --START--
INFO: Run Behavior\ContentReplaceBehavior [ RunTime:0.000145s ]
INFO: [ template_filter ] --END-- [ RunTime:0.000216s ]
NOTIC: [8] Undefined variable: key F:\phpStudy\WWW\minihaochecppj\App\Runtime\Cache\Ht\2d4ce69e9c2d15d777794fcdbaefd3a2.php 第 24 行.
INFO: Run Behavior\ParseTemplateBehavior [ RunTime:0.012631s ]
INFO: [ view_parse ] --END-- [ RunTime:0.012696s ]
INFO: [ view_filter ] --START--
INFO: Run Behavior\WriteHtmlCacheBehavior [ RunTime:0.001054s ]
INFO: [ view_filter ] --END-- [ RunTime:0.001125s ]
INFO: [ app_end ] --START--
INFO: Run Behavior\ShowPageTraceBehavior [ RunTime:0.001300s ]
INFO: [ app_end ] --END-- [ RunTime:0.001349s ]

[ 2017-08-22T11:07:12+08:00 ] ::1 /minihaochecppj/index.php/Ht/Login/index.html?key=
NOTIC: [8] Use of undefined constant SHOW_PAGE_TRACE - assumed 'SHOW_PAGE_TRACE' F:\phpStudy\WWW\minihaochecppj\App\Common\Conf\debug.php 第 4 行.
INFO: [ app_init ] --START--
INFO: Run Behavior\BuildLiteBehavior [ RunTime:0.000014s ]
INFO: [ app_init ] --END-- [ RunTime:0.000059s ]
INFO: [ app_begin ] --START--
INFO: Run Behavior\ReadHtmlCacheBehavior [ RunTime:0.000738s ]
INFO: [ app_begin ] --END-- [ RunTime:0.000791s ]
SQL: SHOW COLUMNS FROM `lr_adminuser` [ RunTime:0.0746s ]
SQL: SELECT * FROM `lr_adminuser` WHERE ( name='admin' AND del<1 ) LIMIT 1   [ RunTime:0.0006s ]
SQL: SHOW COLUMNS FROM `lr_program` [ RunTime:0.0040s ]
SQL: SELECT * FROM `lr_program` LIMIT 1   [ RunTime:0.0007s ]
NOTIC: [8] Undefined index: shop_id F:\phpStudy\WWW\minihaochecppj\App\Ht\Controller\LoginController.class.php 第 19 行.
NOTIC: [8] Undefined index: name F:\phpStudy\WWW\minihaochecppj\App\Ht\Controller\LoginController.class.php 第 23 行.
INFO: [ view_parse ] --START--
INFO: [ template_filter ] --START--
INFO: Run Behavior\ContentReplaceBehavior [ RunTime:0.000048s ]
INFO: [ template_filter ] --END-- [ RunTime:0.000098s ]
INFO: Run Behavior\ParseTemplateBehavior [ RunTime:0.007446s ]
INFO: [ view_parse ] --END-- [ RunTime:0.007505s ]
INFO: [ view_filter ] --START--
INFO: Run Behavior\WriteHtmlCacheBehavior [ RunTime:0.000530s ]
INFO: [ view_filter ] --END-- [ RunTime:0.000570s ]
INFO: [ app_end ] --START--
INFO: Run Behavior\ShowPageTraceBehavior [ RunTime:0.000740s ]
INFO: [ app_end ] --END-- [ RunTime:0.000778s ]

[ 2017-08-22T11:07:13+08:00 ] ::1 /minihaochecppj/index.php/Ht/Index/index.html
NOTIC: [8] Use of undefined constant SHOW_PAGE_TRACE - assumed 'SHOW_PAGE_TRACE' F:\phpStudy\WWW\minihaochecppj\App\Common\Conf\debug.php 第 4 行.
INFO: [ app_init ] --START--
INFO: Run Behavior\BuildLiteBehavior [ RunTime:0.000017s ]
INFO: [ app_init ] --END-- [ RunTime:0.000076s ]
INFO: [ app_begin ] --START--
INFO: Run Behavior\ReadHtmlCacheBehavior [ RunTime:0.001389s ]
INFO: [ app_begin ] --END-- [ RunTime:0.001495s ]
SQL: SHOW COLUMNS FROM `lr_web` [ RunTime:0.0126s ]
SQL: SELECT `concent` FROM `lr_web` WHERE ( id=5 ) LIMIT 1   [ RunTime:0.0009s ]
INFO: [ view_parse ] --START--
INFO: [ template_filter ] --START--
INFO: Run Behavior\ContentReplaceBehavior [ RunTime:0.000159s ]
INFO: [ template_filter ] --END-- [ RunTime:0.000231s ]
INFO: Run Behavior\ParseTemplateBehavior [ RunTime:0.032900s ]
INFO: [ view_parse ] --END-- [ RunTime:0.032987s ]
INFO: [ view_filter ] --START--
INFO: Run Behavior\WriteHtmlCacheBehavior [ RunTime:0.002085s ]
INFO: [ view_filter ] --END-- [ RunTime:0.002319s ]
INFO: [ app_end ] --START--
INFO: Run Behavior\ShowPageTraceBehavior [ RunTime:0.031152s ]
INFO: [ app_end ] --END-- [ RunTime:0.031661s ]

[ 2017-08-22T11:07:13+08:00 ] ::1 /minihaochecppj/index.php/Ht/Index/welcome.html
NOTIC: [8] Use of undefined constant SHOW_PAGE_TRACE - assumed 'SHOW_PAGE_TRACE' F:\phpStudy\WWW\minihaochecppj\App\Common\Conf\debug.php 第 4 行.
INFO: [ app_init ] --START--
INFO: Run Behavior\BuildLiteBehavior [ RunTime:0.000025s ]
INFO: [ app_init ] --END-- [ RunTime:0.000093s ]
INFO: [ app_begin ] --START--
INFO: Run Behavior\ReadHtmlCacheBehavior [ RunTime:0.001378s ]
INFO: [ app_begin ] --END-- [ RunTime:0.001456s ]
SQL: SHOW COLUMNS FROM `lr_order` [ RunTime:0.0055s ]
SQL: SHOW COLUMNS FROM `lr_user` [ RunTime:0.0056s ]
SQL: SHOW COLUMNS FROM `lr_product` [ RunTime:0.0061s ]
SQL: SHOW COLUMNS FROM `lr_brand` [ RunTime:0.0396s ]
SQL: SHOW COLUMNS FROM `lr_shangchang` [ RunTime:0.0074s ]
SQL: SELECT COUNT(*) AS tp_count FROM `lr_order` WHERE ( del=0 ) LIMIT 1   [ RunTime:0.0004s ]
SQL: SELECT COUNT(*) AS tp_count FROM `lr_user` WHERE ( del=0 ) LIMIT 1   [ RunTime:0.0003s ]
SQL: SELECT COUNT(*) AS tp_count FROM `lr_product` WHERE ( del=0 ) LIMIT 1   [ RunTime:0.0005s ]
SQL: SELECT COUNT(*) AS tp_count FROM `lr_brand` LIMIT 1   [ RunTime:0.0002s ]
SQL: SELECT COUNT(*) AS tp_count FROM `lr_shangchang` LIMIT 1   [ RunTime:0.0002s ]
SQL: SELECT `price` FROM `lr_order` WHERE ( del=0 AND status>10 AND back!=2 )  [ RunTime:0.0003s ]
SQL: SELECT COUNT(*) AS tp_count FROM `lr_order` WHERE ( del=0 AND addtime>=1503331200 ) LIMIT 1   [ RunTime:0.0003s ]
SQL: SELECT COUNT(*) AS tp_count FROM `lr_user` WHERE ( del=0 AND addtime>=1503331200 ) LIMIT 1   [ RunTime:0.0002s ]
SQL: SELECT COUNT(*) AS tp_count FROM `lr_product` WHERE ( del=0 AND addtime>=1503331200 ) LIMIT 1   [ RunTime:0.0003s ]
SQL: SELECT COUNT(*) AS tp_count FROM `lr_brand` WHERE ( addtime>=1503331200 ) LIMIT 1   [ RunTime:0.0004s ]
SQL: SELECT COUNT(*) AS tp_count FROM `lr_shangchang` WHERE ( addtime>=1503331200 ) LIMIT 1   [ RunTime:0.0003s ]
SQL: SELECT COUNT(*) AS tp_count FROM `lr_order` WHERE ( del=0 AND status>10 AND back!=2 AND addtime>=1503331200 ) LIMIT 1   [ RunTime:0.0002s ]
NOTIC: [2] Invalid argument supplied for foreach() F:\phpStudy\WWW\minihaochecppj\App\Ht\Controller\IndexController.class.php 第 58 行.
SQL: SELECT COUNT(*) AS tp_count FROM `lr_product` WHERE ( del=0 ) LIMIT 1   [ RunTime:0.0002s ]
SQL: SELECT COUNT(*) AS tp_count FROM `lr_product` WHERE ( del=0 AND addtime>=1503331200 ) LIMIT 1   [ RunTime:0.0002s ]
SQL: SELECT COUNT(*) AS tp_count FROM `lr_order` WHERE ( del=0 AND back!=2 AND addtime>=1501516800 ) LIMIT 1   [ RunTime:0.0002s ]
SQL: SELECT COUNT(*) AS tp_count FROM `lr_user` WHERE ( del=0 AND addtime>=1501516800 ) LIMIT 1   [ RunTime:0.0002s ]
SQL: SELECT COUNT(*) AS tp_count FROM `lr_product` WHERE ( del=0 AND addtime>=1501516800 ) LIMIT 1   [ RunTime:0.0004s ]
SQL: SELECT COUNT(*) AS tp_count FROM `lr_brand` WHERE ( addtime>=1501516800 ) LIMIT 1   [ RunTime:0.0004s ]
SQL: SELECT COUNT(*) AS tp_count FROM `lr_shangchang` WHERE ( addtime>=1501516800 ) LIMIT 1   [ RunTime:0.0004s ]
SQL: SELECT `price` FROM `lr_order` WHERE ( del=0 AND back!=2 AND addtime>=1501516800 )  [ RunTime:0.0005s ]
NOTIC: [8] Undefined variable: thismonthpay F:\phpStudy\WWW\minihaochecppj\App\Ht\Controller\IndexController.class.php 第 74 行.
NOTIC: [2] Invalid argument supplied for foreach() F:\phpStudy\WWW\minihaochecppj\App\Ht\Controller\IndexController.class.php 第 74 行.
INFO: [ view_parse ] --START--
INFO: [ template_filter ] --START--
INFO: Run Behavior\ContentReplaceBehavior [ RunTime:0.000062s ]
INFO: [ template_filter ] --END-- [ RunTime:0.000144s ]
INFO: Run Behavior\ParseTemplateBehavior [ RunTime:0.015053s ]
INFO: [ view_parse ] --END-- [ RunTime:0.015170s ]
INFO: [ view_filter ] --START--
INFO: Run Behavior\WriteHtmlCacheBehavior [ RunTime:0.001019s ]
INFO: [ view_filter ] --END-- [ RunTime:0.001072s ]
INFO: [ app_end ] --START--
INFO: Run Behavior\ShowPageTraceBehavior [ RunTime:0.001098s ]
INFO: [ app_end ] --END-- [ RunTime:0.001157s ]

[ 2017-08-22T11:11:18+08:00 ] ::1 /minihaochecppj/index.php/Ht/Index/index.html
NOTIC: [8] Use of undefined constant SHOW_PAGE_TRACE - assumed 'SHOW_PAGE_TRACE' F:\phpStudy\WWW\minihaochecppj\App\Common\Conf\debug.php 第 4 行.
INFO: [ app_init ] --START--
INFO: Run Behavior\BuildLiteBehavior [ RunTime:0.000015s ]
INFO: [ app_init ] --END-- [ RunTime:0.000062s ]
INFO: [ app_begin ] --START--
INFO: Run Behavior\ReadHtmlCacheBehavior [ RunTime:0.001256s ]
INFO: [ app_begin ] --END-- [ RunTime:0.001345s ]
SQL: SHOW COLUMNS FROM `lr_web` [ RunTime:0.0046s ]
SQL: SELECT `concent` FROM `lr_web` WHERE ( id=5 ) LIMIT 1   [ RunTime:0.0010s ]
INFO: [ view_parse ] --START--
INFO: [ template_filter ] --START--
INFO: Run Behavior\ContentReplaceBehavior [ RunTime:0.000137s ]
INFO: [ template_filter ] --END-- [ RunTime:0.000210s ]
INFO: Run Behavior\ParseTemplateBehavior [ RunTime:0.021717s ]
INFO: [ view_parse ] --END-- [ RunTime:0.021793s ]
INFO: [ view_filter ] --START--
INFO: Run Behavior\WriteHtmlCacheBehavior [ RunTime:0.000858s ]
INFO: [ view_filter ] --END-- [ RunTime:0.000912s ]
INFO: [ app_end ] --START--
INFO: Run Behavior\ShowPageTraceBehavior [ RunTime:0.031002s ]
INFO: [ app_end ] --END-- [ RunTime:0.031088s ]

[ 2017-08-22T11:11:18+08:00 ] ::1 /minihaochecppj/index.php/Ht/Index/welcome.html
NOTIC: [8] Use of undefined constant SHOW_PAGE_TRACE - assumed 'SHOW_PAGE_TRACE' F:\phpStudy\WWW\minihaochecppj\App\Common\Conf\debug.php 第 4 行.
INFO: [ app_init ] --START--
INFO: Run Behavior\BuildLiteBehavior [ RunTime:0.000015s ]
INFO: [ app_init ] --END-- [ RunTime:0.000067s ]
INFO: [ app_begin ] --START--
INFO: Run Behavior\ReadHtmlCacheBehavior [ RunTime:0.001069s ]
INFO: [ app_begin ] --END-- [ RunTime:0.001161s ]
SQL: SHOW COLUMNS FROM `lr_order` [ RunTime:0.0083s ]
SQL: SHOW COLUMNS FROM `lr_user` [ RunTime:0.0067s ]
SQL: SHOW COLUMNS FROM `lr_product` [ RunTime:0.0047s ]
SQL: SHOW COLUMNS FROM `lr_brand` [ RunTime:0.0050s ]
SQL: SHOW COLUMNS FROM `lr_shangchang` [ RunTime:0.0059s ]
SQL: SELECT COUNT(*) AS tp_count FROM `lr_order` WHERE ( del=0 ) LIMIT 1   [ RunTime:0.0006s ]
SQL: SELECT COUNT(*) AS tp_count FROM `lr_user` WHERE ( del=0 ) LIMIT 1   [ RunTime:0.0003s ]
SQL: SELECT COUNT(*) AS tp_count FROM `lr_product` WHERE ( del=0 ) LIMIT 1   [ RunTime:0.0005s ]
SQL: SELECT COUNT(*) AS tp_count FROM `lr_brand` LIMIT 1   [ RunTime:0.0003s ]
SQL: SELECT COUNT(*) AS tp_count FROM `lr_shangchang` LIMIT 1   [ RunTime:0.0006s ]
SQL: SELECT `price` FROM `lr_order` WHERE ( del=0 AND status>10 AND back!=2 )  [ RunTime:0.0005s ]
SQL: SELECT COUNT(*) AS tp_count FROM `lr_order` WHERE ( del=0 AND addtime>=1503331200 ) LIMIT 1   [ RunTime:0.0004s ]
SQL: SELECT COUNT(*) AS tp_count FROM `lr_user` WHERE ( del=0 AND addtime>=1503331200 ) LIMIT 1   [ RunTime:0.0004s ]
SQL: SELECT COUNT(*) AS tp_count FROM `lr_product` WHERE ( del=0 AND addtime>=1503331200 ) LIMIT 1   [ RunTime:0.0004s ]
SQL: SELECT COUNT(*) AS tp_count FROM `lr_brand` WHERE ( addtime>=1503331200 ) LIMIT 1   [ RunTime:0.0004s ]
SQL: SELECT COUNT(*) AS tp_count FROM `lr_shangchang` WHERE ( addtime>=1503331200 ) LIMIT 1   [ RunTime:0.0004s ]
SQL: SELECT COUNT(*) AS tp_count FROM `lr_order` WHERE ( del=0 AND status>10 AND back!=2 AND addtime>=1503331200 ) LIMIT 1   [ RunTime:0.0005s ]
NOTIC: [2] Invalid argument supplied for foreach() F:\phpStudy\WWW\minihaochecppj\App\Ht\Controller\IndexController.class.php 第 58 行.
SQL: SELECT COUNT(*) AS tp_count FROM `lr_product` WHERE ( del=0 ) LIMIT 1   [ RunTime:0.0005s ]
SQL: SELECT COUNT(*) AS tp_count FROM `lr_product` WHERE ( del=0 AND addtime>=1503331200 ) LIMIT 1   [ RunTime:0.0012s ]
SQL: SELECT COUNT(*) AS tp_count FROM `lr_order` WHERE ( del=0 AND back!=2 AND addtime>=1501516800 ) LIMIT 1   [ RunTime:0.0007s ]
SQL: SELECT COUNT(*) AS tp_count FROM `lr_user` WHERE ( del=0 AND addtime>=1501516800 ) LIMIT 1   [ RunTime:0.0004s ]
SQL: SELECT COUNT(*) AS tp_count FROM `lr_product` WHERE ( del=0 AND addtime>=1501516800 ) LIMIT 1   [ RunTime:0.0003s ]
SQL: SELECT COUNT(*) AS tp_count FROM `lr_brand` WHERE ( addtime>=1501516800 ) LIMIT 1   [ RunTime:0.0003s ]
SQL: SELECT COUNT(*) AS tp_count FROM `lr_shangchang` WHERE ( addtime>=1501516800 ) LIMIT 1   [ RunTime:0.0003s ]
SQL: SELECT `price` FROM `lr_order` WHERE ( del=0 AND back!=2 AND addtime>=1501516800 )  [ RunTime:0.0004s ]
NOTIC: [8] Undefined variable: thismonthpay F:\phpStudy\WWW\minihaochecppj\App\Ht\Controller\IndexController.class.php 第 74 行.
NOTIC: [2] Invalid argument supplied for foreach() F:\phpStudy\WWW\minihaochecppj\App\Ht\Controller\IndexController.class.php 第 74 行.
INFO: [ view_parse ] --START--
INFO: [ template_filter ] --START--
INFO: Run Behavior\ContentReplaceBehavior [ RunTime:0.000065s ]
INFO: [ template_filter ] --END-- [ RunTime:0.000126s ]
INFO: Run Behavior\ParseTemplateBehavior [ RunTime:0.011154s ]
INFO: [ view_parse ] --END-- [ RunTime:0.011232s ]
INFO: [ view_filter ] --START--
INFO: Run Behavior\WriteHtmlCacheBehavior [ RunTime:0.000626s ]
INFO: [ view_filter ] --END-- [ RunTime:0.000672s ]
INFO: [ app_end ] --START--
INFO: Run Behavior\ShowPageTraceBehavior [ RunTime:0.000829s ]
INFO: [ app_end ] --END-- [ RunTime:0.000876s ]

[ 2017-08-22T11:11:25+08:00 ] ::1 /minihaochecppj/index.php/Ht/News/index.html
NOTIC: [8] Use of undefined constant SHOW_PAGE_TRACE - assumed 'SHOW_PAGE_TRACE' F:\phpStudy\WWW\minihaochecppj\App\Common\Conf\debug.php 第 4 行.
INFO: [ app_init ] --START--
INFO: Run Behavior\BuildLiteBehavior [ RunTime:0.000012s ]
INFO: [ app_init ] --END-- [ RunTime:0.000056s ]
INFO: [ app_begin ] --START--
INFO: Run Behavior\ReadHtmlCacheBehavior [ RunTime:0.000880s ]
INFO: [ app_begin ] --END-- [ RunTime:0.000941s ]
ERR: 1146:Table 'minigueinon.lr_news' doesn't exist
 [ SQL语句 ] : SHOW COLUMNS FROM `lr_news`
ERR: 1146:Table 'minigueinon.lr_news' doesn't exist
 [ SQL语句 ] : SHOW COLUMNS FROM `lr_news`

[ 2017-08-22T11:11:29+08:00 ] ::1 /minihaochecppj/index.php/Ht/News/index.html
NOTIC: [8] Use of undefined constant SHOW_PAGE_TRACE - assumed 'SHOW_PAGE_TRACE' F:\phpStudy\WWW\minihaochecppj\App\Common\Conf\debug.php 第 4 行.
INFO: [ app_init ] --START--
INFO: Run Behavior\BuildLiteBehavior [ RunTime:0.000013s ]
INFO: [ app_init ] --END-- [ RunTime:0.000059s ]
INFO: [ app_begin ] --START--
INFO: Run Behavior\ReadHtmlCacheBehavior [ RunTime:0.000830s ]
INFO: [ app_begin ] --END-- [ RunTime:0.000886s ]
ERR: 1146:Table 'minigueinon.lr_news' doesn't exist
 [ SQL语句 ] : SHOW COLUMNS FROM `lr_news`
ERR: 1146:Table 'minigueinon.lr_news' doesn't exist
 [ SQL语句 ] : SHOW COLUMNS FROM `lr_news`

[ 2017-08-22T11:15:37+08:00 ] ::1 /minihaochecppj/index.php/Ht/News/index.html
NOTIC: [8] Use of undefined constant SHOW_PAGE_TRACE - assumed 'SHOW_PAGE_TRACE' F:\phpStudy\WWW\minihaochecppj\App\Common\Conf\debug.php 第 4 行.
INFO: [ app_init ] --START--
INFO: Run Behavior\BuildLiteBehavior [ RunTime:0.000014s ]
INFO: [ app_init ] --END-- [ RunTime:0.000058s ]
INFO: [ app_begin ] --START--
INFO: Run Behavior\ReadHtmlCacheBehavior [ RunTime:0.000854s ]
INFO: [ app_begin ] --END-- [ RunTime:0.000912s ]
SQL: SHOW COLUMNS FROM `lr_news` [ RunTime:0.0038s ]
NOTIC: [8] Undefined index: cid F:\phpStudy\WWW\minihaochecppj\App\Ht\Controller\NewsController.class.php 第 21 行.
NOTIC: [8] Undefined index: news_name F:\phpStudy\WWW\minihaochecppj\App\Ht\Controller\NewsController.class.php 第 22 行.
SQL: SELECT COUNT(*) AS tp_count FROM `lr_news` LIMIT 1   [ RunTime:0.0003s ]
SQL: SELECT * FROM `lr_news` ORDER BY id desc LIMIT 0,25   [ RunTime:0.0028s ]
INFO: [ view_parse ] --START--
INFO: [ template_filter ] --START--
INFO: Run Behavior\ContentReplaceBehavior [ RunTime:0.000070s ]
INFO: [ template_filter ] --END-- [ RunTime:0.000125s ]
NOTIC: [8] Undefined variable: cate_list F:\phpStudy\WWW\minihaochecppj\App\Runtime\Cache\Ht\d2c2b9f8ff9f06f54a1098e4e461f41e.php 第 27 行.
INFO: Run Behavior\ParseTemplateBehavior [ RunTime:0.020600s ]
INFO: [ view_parse ] --END-- [ RunTime:0.020657s ]
INFO: [ view_filter ] --START--
INFO: Run Behavior\WriteHtmlCacheBehavior [ RunTime:0.000614s ]
INFO: [ view_filter ] --END-- [ RunTime:0.000653s ]
INFO: [ app_end ] --START--
INFO: Run Behavior\ShowPageTraceBehavior [ RunTime:0.000830s ]
INFO: [ app_end ] --END-- [ RunTime:0.000868s ]

[ 2017-08-22T11:15:44+08:00 ] ::1 /minihaochecppj/index.php/Ht/News/index.html?news_name=6
NOTIC: [8] Use of undefined constant SHOW_PAGE_TRACE - assumed 'SHOW_PAGE_TRACE' F:\phpStudy\WWW\minihaochecppj\App\Common\Conf\debug.php 第 4 行.
INFO: [ app_init ] --START--
INFO: Run Behavior\BuildLiteBehavior [ RunTime:0.000014s ]
INFO: [ app_init ] --END-- [ RunTime:0.000059s ]
INFO: [ app_begin ] --START--
INFO: Run Behavior\ReadHtmlCacheBehavior [ RunTime:0.001039s ]
INFO: [ app_begin ] --END-- [ RunTime:0.001099s ]
SQL: SHOW COLUMNS FROM `lr_news` [ RunTime:0.0041s ]
NOTIC: [8] Undefined index: cid F:\phpStudy\WWW\minihaochecppj\App\Ht\Controller\NewsController.class.php 第 21 行.
SQL: SELECT COUNT(*) AS tp_count FROM `lr_news` WHERE `name` LIKE '%6%' LIMIT 1   [ RunTime:0.0279s ]
NOTIC: [2] urlencode() expects parameter 1 to be string, array given F:\phpStudy\WWW\minihaochecppj\App\Ht\Controller\NewsController.class.php 第 38 行.
SQL: SELECT * FROM `lr_news` WHERE `name` LIKE '%6%' ORDER BY id desc LIMIT 0,25   [ RunTime:0.0006s ]
INFO: [ view_parse ] --START--
INFO: [ template_filter ] --START--
INFO: Run Behavior\ContentReplaceBehavior [ RunTime:0.000061s ]
INFO: [ template_filter ] --END-- [ RunTime:0.000107s ]
NOTIC: [8] Undefined variable: cate_list F:\phpStudy\WWW\minihaochecppj\App\Runtime\Cache\Ht\d2c2b9f8ff9f06f54a1098e4e461f41e.php 第 27 行.
INFO: Run Behavior\ParseTemplateBehavior [ RunTime:0.009448s ]
INFO: [ view_parse ] --END-- [ RunTime:0.009498s ]
INFO: [ view_filter ] --START--
INFO: Run Behavior\WriteHtmlCacheBehavior [ RunTime:0.000504s ]
INFO: [ view_filter ] --END-- [ RunTime:0.000539s ]
INFO: [ app_end ] --START--
INFO: Run Behavior\ShowPageTraceBehavior [ RunTime:0.000793s ]
INFO: [ app_end ] --END-- [ RunTime:0.000835s ]

[ 2017-08-22T11:15:50+08:00 ] ::1 /minihaochecppj/index.php/Ht/News/index.html?news_name=%E5%84%BF
NOTIC: [8] Use of undefined constant SHOW_PAGE_TRACE - assumed 'SHOW_PAGE_TRACE' F:\phpStudy\WWW\minihaochecppj\App\Common\Conf\debug.php 第 4 行.
INFO: [ app_init ] --START--
INFO: Run Behavior\BuildLiteBehavior [ RunTime:0.000015s ]
INFO: [ app_init ] --END-- [ RunTime:0.000066s ]
INFO: [ app_begin ] --START--
INFO: Run Behavior\ReadHtmlCacheBehavior [ RunTime:0.001228s ]
INFO: [ app_begin ] --END-- [ RunTime:0.001322s ]
SQL: SHOW COLUMNS FROM `lr_news` [ RunTime:0.0034s ]
NOTIC: [8] Undefined index: cid F:\phpStudy\WWW\minihaochecppj\App\Ht\Controller\NewsController.class.php 第 21 行.
SQL: SELECT COUNT(*) AS tp_count FROM `lr_news` WHERE `name` LIKE '%儿%' LIMIT 1   [ RunTime:0.0005s ]
NOTIC: [2] urlencode() expects parameter 1 to be string, array given F:\phpStudy\WWW\minihaochecppj\App\Ht\Controller\NewsController.class.php 第 38 行.
SQL: SELECT * FROM `lr_news` WHERE `name` LIKE '%儿%' ORDER BY id desc LIMIT 0,25   [ RunTime:0.0007s ]
INFO: [ view_parse ] --START--
INFO: [ template_filter ] --START--
INFO: Run Behavior\ContentReplaceBehavior [ RunTime:0.000062s ]
INFO: [ template_filter ] --END-- [ RunTime:0.000109s ]
NOTIC: [8] Undefined variable: cate_list F:\phpStudy\WWW\minihaochecppj\App\Runtime\Cache\Ht\d2c2b9f8ff9f06f54a1098e4e461f41e.php 第 27 行.
INFO: Run Behavior\ParseTemplateBehavior [ RunTime:0.008887s ]
INFO: [ view_parse ] --END-- [ RunTime:0.008932s ]
INFO: [ view_filter ] --START--
INFO: Run Behavior\WriteHtmlCacheBehavior [ RunTime:0.000512s ]
INFO: [ view_filter ] --END-- [ RunTime:0.000546s ]
INFO: [ app_end ] --START--
INFO: Run Behavior\ShowPageTraceBehavior [ RunTime:0.000705s ]
INFO: [ app_end ] --END-- [ RunTime:0.000742s ]

[ 2017-08-22T11:15:52+08:00 ] ::1 /minihaochecppj/index.php/Ht/News/index.html?news_name=
NOTIC: [8] Use of undefined constant SHOW_PAGE_TRACE - assumed 'SHOW_PAGE_TRACE' F:\phpStudy\WWW\minihaochecppj\App\Common\Conf\debug.php 第 4 行.
INFO: [ app_init ] --START--
INFO: Run Behavior\BuildLiteBehavior [ RunTime:0.000013s ]
INFO: [ app_init ] --END-- [ RunTime:0.000056s ]
INFO: [ app_begin ] --START--
INFO: Run Behavior\ReadHtmlCacheBehavior [ RunTime:0.000804s ]
INFO: [ app_begin ] --END-- [ RunTime:0.000895s ]
SQL: SHOW COLUMNS FROM `lr_news` [ RunTime:0.0034s ]
NOTIC: [8] Undefined index: cid F:\phpStudy\WWW\minihaochecppj\App\Ht\Controller\NewsController.class.php 第 21 行.
SQL: SELECT COUNT(*) AS tp_count FROM `lr_news` LIMIT 1   [ RunTime:0.0003s ]
SQL: SELECT * FROM `lr_news` ORDER BY id desc LIMIT 0,25   [ RunTime:0.0014s ]
INFO: [ view_parse ] --START--
INFO: [ template_filter ] --START--
INFO: Run Behavior\ContentReplaceBehavior [ RunTime:0.000068s ]
INFO: [ template_filter ] --END-- [ RunTime:0.000123s ]
NOTIC: [8] Undefined variable: cate_list F:\phpStudy\WWW\minihaochecppj\App\Runtime\Cache\Ht\d2c2b9f8ff9f06f54a1098e4e461f41e.php 第 27 行.
INFO: Run Behavior\ParseTemplateBehavior [ RunTime:0.009717s ]
INFO: [ view_parse ] --END-- [ RunTime:0.009765s ]
INFO: [ view_filter ] --START--
INFO: Run Behavior\WriteHtmlCacheBehavior [ RunTime:0.000503s ]
INFO: [ view_filter ] --END-- [ RunTime:0.000538s ]
INFO: [ app_end ] --START--
INFO: Run Behavior\ShowPageTraceBehavior [ RunTime:0.000714s ]
INFO: [ app_end ] --END-- [ RunTime:0.000751s ]

[ 2017-08-22T11:15:59+08:00 ] ::1 /minihaochecppj/index.php/Ht/News/add.html
NOTIC: [8] Use of undefined constant SHOW_PAGE_TRACE - assumed 'SHOW_PAGE_TRACE' F:\phpStudy\WWW\minihaochecppj\App\Common\Conf\debug.php 第 4 行.
INFO: [ app_init ] --START--
INFO: Run Behavior\BuildLiteBehavior [ RunTime:0.000015s ]
INFO: [ app_init ] --END-- [ RunTime:0.000068s ]
INFO: [ app_begin ] --START--
INFO: Run Behavior\ReadHtmlCacheBehavior [ RunTime:0.000916s ]
INFO: [ app_begin ] --END-- [ RunTime:0.001000s ]
SQL: SHOW COLUMNS FROM `lr_news` [ RunTime:0.0038s ]
NOTIC: [8] Undefined index: news_id F:\phpStudy\WWW\minihaochecppj\App\Ht\Controller\NewsController.class.php 第 84 行.
SQL: SELECT * FROM `lr_news` WHERE ( id=0 ) LIMIT 1   [ RunTime:0.0004s ]
INFO: [ view_parse ] --START--
INFO: [ template_filter ] --START--
INFO: Run Behavior\ContentReplaceBehavior [ RunTime:0.000068s ]
INFO: [ template_filter ] --END-- [ RunTime:0.000120s ]
NOTIC: [8] Undefined index: news_id F:\phpStudy\WWW\minihaochecppj\App\Runtime\Cache\Ht\0fa5b2ddb713c3a29860233bcf0f5525.php 第 20 行.
NOTIC: [8] Undefined variable: cate_list F:\phpStudy\WWW\minihaochecppj\App\Runtime\Cache\Ht\0fa5b2ddb713c3a29860233bcf0f5525.php 第 36 行.
INFO: Run Behavior\ParseTemplateBehavior [ RunTime:0.028016s ]
INFO: [ view_parse ] --END-- [ RunTime:0.028089s ]
INFO: [ view_filter ] --START--
INFO: Run Behavior\WriteHtmlCacheBehavior [ RunTime:0.000580s ]
INFO: [ view_filter ] --END-- [ RunTime:0.000622s ]
INFO: [ app_end ] --START--
INFO: Run Behavior\ShowPageTraceBehavior [ RunTime:0.000776s ]
INFO: [ app_end ] --END-- [ RunTime:0.000816s ]

[ 2017-08-22T11:16:48+08:00 ] ::1 /minihaochecppj/index.php/Ht/Upload/xheditor.html
NOTIC: [8] Use of undefined constant SHOW_PAGE_TRACE - assumed 'SHOW_PAGE_TRACE' F:\phpStudy\WWW\minihaochecppj\App\Common\Conf\debug.php 第 4 行.
INFO: [ app_init ] --START--
INFO: Run Behavior\BuildLiteBehavior [ RunTime:0.000016s ]
INFO: [ app_init ] --END-- [ RunTime:0.000078s ]
INFO: [ app_begin ] --START--
INFO: Run Behavior\ReadHtmlCacheBehavior [ RunTime:0.000726s ]
INFO: [ app_begin ] --END-- [ RunTime:0.000783s ]
NOTIC: [2] unlink(./Data/UploadFiles/Uploads/2017082211164839809.tmp): No such file or directory F:\phpStudy\WWW\minihaochecppj\App\Ht\Controller\UploadController.class.php 第 335 行.
INFO: [ app_end ] --START--
INFO: Run Behavior\ShowPageTraceBehavior [ RunTime:0.001701s ]
INFO: [ app_end ] --END-- [ RunTime:0.001763s ]

[ 2017-08-22T11:16:58+08:00 ] ::1 /minihaochecppj/index.php/Ht/News/save.html
NOTIC: [8] Use of undefined constant SHOW_PAGE_TRACE - assumed 'SHOW_PAGE_TRACE' F:\phpStudy\WWW\minihaochecppj\App\Common\Conf\debug.php 第 4 行.
INFO: [ app_init ] --START--
INFO: Run Behavior\BuildLiteBehavior [ RunTime:0.000013s ]
INFO: [ app_init ] --END-- [ RunTime:0.000055s ]
INFO: [ app_begin ] --START--
INFO: Run Behavior\ReadHtmlCacheBehavior [ RunTime:0.000653s ]
INFO: [ app_begin ] --END-- [ RunTime:0.000703s ]
SQL: SHOW COLUMNS FROM `lr_news` [ RunTime:0.0033s ]
NOTIC: [8] Undefined index: validate F:\phpStudy\WWW\minihaochecppj\ThinkPHP\Library\Think\Model.class.php 第 1185 行.
NOTIC: [8] Undefined index: auto F:\phpStudy\WWW\minihaochecppj\ThinkPHP\Library\Think\Model.class.php 第 1128 行.
NOTIC: [8] Use of undefined constant Ymd - assumed 'Ymd' F:\phpStudy\WWW\minihaochecppj\App\Ht\Controller\NewsController.class.php 第 101 行.
NOTIC: [2] call_user_func() expects parameter 1 to be a valid callback, no array or string given F:\phpStudy\WWW\minihaochecppj\ThinkPHP\Library\Think\Upload.class.php 第 170 行.
NOTIC: [8] Undefined variable: id F:\phpStudy\WWW\minihaochecppj\App\Ht\Controller\NewsController.class.php 第 107 行.
SQL: SELECT `photo` FROM `lr_news` WHERE ( id=0 ) LIMIT 1   [ RunTime:0.0005s ]
SQL: INSERT INTO `lr_news` (`name`,`digest`,`photo`,`content`,`source`,`sort`,`addtime`) VALUES ('哈哈哈','嘻嘻嘻嘻','UploadFiles/news/20170822/1503371818708162.jpg','阿斯蒂芬法规&lt;img src=&quot;/minihaochecppj/Data/UploadFiles/Uploads/day_170822/201708221116489841.jpg&quot; alt=&quot;&quot; /&gt;','本网','0','1503371818') [ RunTime:0.0003s ]
INFO: [ view_parse ] --START--
INFO: [ template_filter ] --START--
INFO: Run Behavior\ContentReplaceBehavior [ RunTime:0.000045s ]
INFO: [ template_filter ] --END-- [ RunTime:0.000093s ]
INFO: Run Behavior\ParseTemplateBehavior [ RunTime:0.007444s ]
INFO: [ view_parse ] --END-- [ RunTime:0.007501s ]
INFO: [ view_filter ] --START--
INFO: Run Behavior\WriteHtmlCacheBehavior [ RunTime:0.000758s ]
INFO: [ view_filter ] --END-- [ RunTime:0.000794s ]
INFO: [ app_end ] --START--
INFO: Run Behavior\ShowPageTraceBehavior [ RunTime:0.001007s ]
INFO: [ app_end ] --END-- [ RunTime:0.001046s ]

[ 2017-08-22T11:16:59+08:00 ] ::1 /minihaochecppj/index.php/Ht/News/index
NOTIC: [8] Use of undefined constant SHOW_PAGE_TRACE - assumed 'SHOW_PAGE_TRACE' F:\phpStudy\WWW\minihaochecppj\App\Common\Conf\debug.php 第 4 行.
INFO: [ app_init ] --START--
INFO: Run Behavior\BuildLiteBehavior [ RunTime:0.000020s ]
INFO: [ app_init ] --END-- [ RunTime:0.000090s ]
INFO: [ app_begin ] --START--
INFO: Run Behavior\ReadHtmlCacheBehavior [ RunTime:0.001174s ]
INFO: [ app_begin ] --END-- [ RunTime:0.001250s ]
SQL: SHOW COLUMNS FROM `lr_news` [ RunTime:0.0068s ]
NOTIC: [8] Undefined index: cid F:\phpStudy\WWW\minihaochecppj\App\Ht\Controller\NewsController.class.php 第 21 行.
NOTIC: [8] Undefined index: news_name F:\phpStudy\WWW\minihaochecppj\App\Ht\Controller\NewsController.class.php 第 22 行.
SQL: SELECT COUNT(*) AS tp_count FROM `lr_news` LIMIT 1   [ RunTime:0.0003s ]
SQL: SELECT * FROM `lr_news` ORDER BY id desc LIMIT 0,25   [ RunTime:0.0019s ]
INFO: [ view_parse ] --START--
INFO: [ template_filter ] --START--
INFO: Run Behavior\ContentReplaceBehavior [ RunTime:0.000068s ]
INFO: [ template_filter ] --END-- [ RunTime:0.000123s ]
NOTIC: [8] Undefined variable: cate_list F:\phpStudy\WWW\minihaochecppj\App\Runtime\Cache\Ht\d2c2b9f8ff9f06f54a1098e4e461f41e.php 第 27 行.
INFO: Run Behavior\ParseTemplateBehavior [ RunTime:0.013049s ]
INFO: [ view_parse ] --END-- [ RunTime:0.013109s ]
INFO: [ view_filter ] --START--
INFO: Run Behavior\WriteHtmlCacheBehavior [ RunTime:0.000879s ]
INFO: [ view_filter ] --END-- [ RunTime:0.000922s ]
INFO: [ app_end ] --START--
INFO: Run Behavior\ShowPageTraceBehavior [ RunTime:0.001085s ]
INFO: [ app_end ] --END-- [ RunTime:0.001133s ]

[ 2017-08-22T11:17:03+08:00 ] ::1 /minihaochecppj/index.php/Ht/News/add.html?news_id=4
NOTIC: [8] Use of undefined constant SHOW_PAGE_TRACE - assumed 'SHOW_PAGE_TRACE' F:\phpStudy\WWW\minihaochecppj\App\Common\Conf\debug.php 第 4 行.
INFO: [ app_init ] --START--
INFO: Run Behavior\BuildLiteBehavior [ RunTime:0.000014s ]
INFO: [ app_init ] --END-- [ RunTime:0.000060s ]
INFO: [ app_begin ] --START--
INFO: Run Behavior\ReadHtmlCacheBehavior [ RunTime:0.001094s ]
INFO: [ app_begin ] --END-- [ RunTime:0.001156s ]
SQL: SHOW COLUMNS FROM `lr_news` [ RunTime:0.0036s ]
SQL: SELECT * FROM `lr_news` WHERE ( id=4 ) LIMIT 1   [ RunTime:0.0004s ]
INFO: [ view_parse ] --START--
INFO: [ template_filter ] --START--
INFO: Run Behavior\ContentReplaceBehavior [ RunTime:0.000068s ]
INFO: [ template_filter ] --END-- [ RunTime:0.000115s ]
NOTIC: [8] Undefined variable: cate_list F:\phpStudy\WWW\minihaochecppj\App\Runtime\Cache\Ht\0fa5b2ddb713c3a29860233bcf0f5525.php 第 36 行.
NOTIC: [8] Undefined index: renqi F:\phpStudy\WWW\minihaochecppj\App\Runtime\Cache\Ht\0fa5b2ddb713c3a29860233bcf0f5525.php 第 82 行.
INFO: Run Behavior\ParseTemplateBehavior [ RunTime:0.009947s ]
INFO: [ view_parse ] --END-- [ RunTime:0.009998s ]
INFO: [ view_filter ] --START--
INFO: Run Behavior\WriteHtmlCacheBehavior [ RunTime:0.000810s ]
INFO: [ view_filter ] --END-- [ RunTime:0.000847s ]
INFO: [ app_end ] --START--
INFO: Run Behavior\ShowPageTraceBehavior [ RunTime:0.001031s ]
INFO: [ app_end ] --END-- [ RunTime:0.001071s ]

[ 2017-08-22T11:17:44+08:00 ] ::1 /minihaochecppj/index.php/Ht/News/index.html
NOTIC: [8] Use of undefined constant SHOW_PAGE_TRACE - assumed 'SHOW_PAGE_TRACE' F:\phpStudy\WWW\minihaochecppj\App\Common\Conf\debug.php 第 4 行.
INFO: [ app_init ] --START--
INFO: Run Behavior\BuildLiteBehavior [ RunTime:0.000014s ]
INFO: [ app_init ] --END-- [ RunTime:0.000080s ]
INFO: [ app_begin ] --START--
INFO: Run Behavior\ReadHtmlCacheBehavior [ RunTime:0.001780s ]
INFO: [ app_begin ] --END-- [ RunTime:0.001845s ]
SQL: SHOW COLUMNS FROM `lr_news` [ RunTime:0.0044s ]
NOTIC: [8] Undefined index: cid F:\phpStudy\WWW\minihaochecppj\App\Ht\Controller\NewsController.class.php 第 21 行.
NOTIC: [8] Undefined index: news_name F:\phpStudy\WWW\minihaochecppj\App\Ht\Controller\NewsController.class.php 第 22 行.
SQL: SELECT COUNT(*) AS tp_count FROM `lr_news` LIMIT 1   [ RunTime:0.0007s ]
SQL: SELECT * FROM `lr_news` ORDER BY id desc LIMIT 0,25   [ RunTime:0.0015s ]
INFO: [ view_parse ] --START--
INFO: [ template_filter ] --START--
INFO: Run Behavior\ContentReplaceBehavior [ RunTime:0.000064s ]
INFO: [ template_filter ] --END-- [ RunTime:0.000112s ]
NOTIC: [8] Undefined variable: cate_list F:\phpStudy\WWW\minihaochecppj\App\Runtime\Cache\Ht\d2c2b9f8ff9f06f54a1098e4e461f41e.php 第 27 行.
INFO: Run Behavior\ParseTemplateBehavior [ RunTime:0.010593s ]
INFO: [ view_parse ] --END-- [ RunTime:0.010655s ]
INFO: [ view_filter ] --START--
INFO: Run Behavior\WriteHtmlCacheBehavior [ RunTime:0.000841s ]
INFO: [ view_filter ] --END-- [ RunTime:0.000881s ]
INFO: [ app_end ] --START--
INFO: Run Behavior\ShowPageTraceBehavior [ RunTime:0.001055s ]
INFO: [ app_end ] --END-- [ RunTime:0.001095s ]

[ 2017-08-22T11:21:50+08:00 ] ::1 /minihaochecppj/index.php/Ht/News/add.html?news_id=4
NOTIC: [8] Use of undefined constant SHOW_PAGE_TRACE - assumed 'SHOW_PAGE_TRACE' F:\phpStudy\WWW\minihaochecppj\App\Common\Conf\debug.php 第 4 行.
INFO: [ app_init ] --START--
INFO: Run Behavior\BuildLiteBehavior [ RunTime:0.000014s ]
INFO: [ app_init ] --END-- [ RunTime:0.000058s ]
INFO: [ app_begin ] --START--
INFO: Run Behavior\ReadHtmlCacheBehavior [ RunTime:0.000816s ]
INFO: [ app_begin ] --END-- [ RunTime:0.000868s ]
SQL: SHOW COLUMNS FROM `lr_news` [ RunTime:0.0042s ]
SQL: SELECT * FROM `lr_news` WHERE ( id=4 ) LIMIT 1   [ RunTime:0.0005s ]
INFO: [ view_parse ] --START--
INFO: [ template_filter ] --START--
INFO: Run Behavior\ContentReplaceBehavior [ RunTime:0.000073s ]
INFO: [ template_filter ] --END-- [ RunTime:0.000120s ]
NOTIC: [8] Undefined variable: cate_list F:\phpStudy\WWW\minihaochecppj\App\Runtime\Cache\Ht\0fa5b2ddb713c3a29860233bcf0f5525.php 第 36 行.
NOTIC: [8] Undefined index: renqi F:\phpStudy\WWW\minihaochecppj\App\Runtime\Cache\Ht\0fa5b2ddb713c3a29860233bcf0f5525.php 第 82 行.
INFO: Run Behavior\ParseTemplateBehavior [ RunTime:0.009214s ]
INFO: [ view_parse ] --END-- [ RunTime:0.009283s ]
INFO: [ view_filter ] --START--
INFO: Run Behavior\WriteHtmlCacheBehavior [ RunTime:0.000648s ]
INFO: [ view_filter ] --END-- [ RunTime:0.000691s ]
INFO: [ app_end ] --START--
INFO: Run Behavior\ShowPageTraceBehavior [ RunTime:0.000836s ]
INFO: [ app_end ] --END-- [ RunTime:0.000876s ]

[ 2017-08-22T11:22:22+08:00 ] ::1 /minihaochecppj/index.php/Ht/Upload/xheditor.html
NOTIC: [8] Use of undefined constant SHOW_PAGE_TRACE - assumed 'SHOW_PAGE_TRACE' F:\phpStudy\WWW\minihaochecppj\App\Common\Conf\debug.php 第 4 行.
INFO: [ app_init ] --START--
INFO: Run Behavior\BuildLiteBehavior [ RunTime:0.000014s ]
INFO: [ app_init ] --END-- [ RunTime:0.000057s ]
INFO: [ app_begin ] --START--
INFO: Run Behavior\ReadHtmlCacheBehavior [ RunTime:0.000891s ]
INFO: [ app_begin ] --END-- [ RunTime:0.000959s ]
NOTIC: [2] unlink(./Data/UploadFiles/Uploads/2017082211222215728.tmp): No such file or directory F:\phpStudy\WWW\minihaochecppj\App\Ht\Controller\UploadController.class.php 第 335 行.
INFO: [ app_end ] --START--
INFO: Run Behavior\ShowPageTraceBehavior [ RunTime:0.000910s ]
INFO: [ app_end ] --END-- [ RunTime:0.000965s ]

[ 2017-08-22T11:22:29+08:00 ] ::1 /minihaochecppj/index.php/Ht/News/save.html
NOTIC: [8] Use of undefined constant SHOW_PAGE_TRACE - assumed 'SHOW_PAGE_TRACE' F:\phpStudy\WWW\minihaochecppj\App\Common\Conf\debug.php 第 4 行.
INFO: [ app_init ] --START--
INFO: Run Behavior\BuildLiteBehavior [ RunTime:0.000013s ]
INFO: [ app_init ] --END-- [ RunTime:0.000059s ]
INFO: [ app_begin ] --START--
INFO: Run Behavior\ReadHtmlCacheBehavior [ RunTime:0.000686s ]
INFO: [ app_begin ] --END-- [ RunTime:0.000740s ]
SQL: SHOW COLUMNS FROM `lr_news` [ RunTime:0.0035s ]
NOTIC: [8] Undefined index: validate F:\phpStudy\WWW\minihaochecppj\ThinkPHP\Library\Think\Model.class.php 第 1185 行.
NOTIC: [8] Undefined index: auto F:\phpStudy\WWW\minihaochecppj\ThinkPHP\Library\Think\Model.class.php 第 1128 行.
NOTIC: [8] Use of undefined constant Ymd - assumed 'Ymd' F:\phpStudy\WWW\minihaochecppj\App\Ht\Controller\NewsController.class.php 第 101 行.
NOTIC: [2] call_user_func() expects parameter 1 to be a valid callback, no array or string given F:\phpStudy\WWW\minihaochecppj\ThinkPHP\Library\Think\Upload.class.php 第 170 行.
NOTIC: [8] Undefined variable: id F:\phpStudy\WWW\minihaochecppj\App\Ht\Controller\NewsController.class.php 第 107 行.
SQL: SELECT `photo` FROM `lr_news` WHERE ( id=0 ) LIMIT 1   [ RunTime:0.0005s ]
SQL: UPDATE `lr_news` SET `name`='呵呵呵呵',`digest`='呃呃呃呃',`photo`='UploadFiles/news/20170822/1503372149756930.jpg',`content`='阿斯蒂芬法规&lt;img src=&quot;/minihaochecppj/Data/UploadFiles/Uploads/day_170822/201708221122222040.jpg&quot; alt=&quot;&quot; /&gt;',`source`='本网',`sort`='0' WHERE ( id=4 ) [ RunTime:0.0005s ]
INFO: [ view_parse ] --START--
INFO: [ template_filter ] --START--
INFO: Run Behavior\ContentReplaceBehavior [ RunTime:0.000051s ]
INFO: [ template_filter ] --END-- [ RunTime:0.000104s ]
INFO: Run Behavior\ParseTemplateBehavior [ RunTime:0.006411s ]
INFO: [ view_parse ] --END-- [ RunTime:0.006463s ]
INFO: [ view_filter ] --START--
INFO: Run Behavior\WriteHtmlCacheBehavior [ RunTime:0.000469s ]
INFO: [ view_filter ] --END-- [ RunTime:0.000504s ]
INFO: [ app_end ] --START--
INFO: Run Behavior\ShowPageTraceBehavior [ RunTime:0.000588s ]
INFO: [ app_end ] --END-- [ RunTime:0.000631s ]

[ 2017-08-22T11:22:30+08:00 ] ::1 /minihaochecppj/index.php/Ht/News/index
NOTIC: [8] Use of undefined constant SHOW_PAGE_TRACE - assumed 'SHOW_PAGE_TRACE' F:\phpStudy\WWW\minihaochecppj\App\Common\Conf\debug.php 第 4 行.
INFO: [ app_init ] --START--
INFO: Run Behavior\BuildLiteBehavior [ RunTime:0.000030s ]
INFO: [ app_init ] --END-- [ RunTime:0.000896s ]
INFO: [ app_begin ] --START--
INFO: Run Behavior\ReadHtmlCacheBehavior [ RunTime:0.000650s ]
INFO: [ app_begin ] --END-- [ RunTime:0.000711s ]
SQL: SHOW COLUMNS FROM `lr_news` [ RunTime:0.0036s ]
NOTIC: [8] Undefined index: cid F:\phpStudy\WWW\minihaochecppj\App\Ht\Controller\NewsController.class.php 第 21 行.
NOTIC: [8] Undefined index: news_name F:\phpStudy\WWW\minihaochecppj\App\Ht\Controller\NewsController.class.php 第 22 行.
SQL: SELECT COUNT(*) AS tp_count FROM `lr_news` LIMIT 1   [ RunTime:0.0003s ]
SQL: SELECT * FROM `lr_news` ORDER BY id desc LIMIT 0,25   [ RunTime:0.0022s ]
INFO: [ view_parse ] --START--
INFO: [ template_filter ] --START--
INFO: Run Behavior\ContentReplaceBehavior [ RunTime:0.000066s ]
INFO: [ template_filter ] --END-- [ RunTime:0.000123s ]
NOTIC: [8] Undefined variable: cate_list F:\phpStudy\WWW\minihaochecppj\App\Runtime\Cache\Ht\d2c2b9f8ff9f06f54a1098e4e461f41e.php 第 27 行.
INFO: Run Behavior\ParseTemplateBehavior [ RunTime:0.014644s ]
INFO: [ view_parse ] --END-- [ RunTime:0.016747s ]
INFO: [ view_filter ] --START--
INFO: Run Behavior\WriteHtmlCacheBehavior [ RunTime:0.007483s ]
INFO: [ view_filter ] --END-- [ RunTime:0.007606s ]
INFO: [ app_end ] --START--
INFO: Run Behavior\ShowPageTraceBehavior [ RunTime:0.000901s ]
INFO: [ app_end ] --END-- [ RunTime:0.000950s ]

[ 2017-08-22T11:22:35+08:00 ] ::1 /minihaochecppj/index.php/Ht/News/add.html?news_id=4
NOTIC: [8] Use of undefined constant SHOW_PAGE_TRACE - assumed 'SHOW_PAGE_TRACE' F:\phpStudy\WWW\minihaochecppj\App\Common\Conf\debug.php 第 4 行.
INFO: [ app_init ] --START--
INFO: Run Behavior\BuildLiteBehavior [ RunTime:0.000014s ]
INFO: [ app_init ] --END-- [ RunTime:0.000055s ]
INFO: [ app_begin ] --START--
INFO: Run Behavior\ReadHtmlCacheBehavior [ RunTime:0.000583s ]
INFO: [ app_begin ] --END-- [ RunTime:0.000638s ]
SQL: SHOW COLUMNS FROM `lr_news` [ RunTime:0.0036s ]
SQL: SELECT * FROM `lr_news` WHERE ( id=4 ) LIMIT 1   [ RunTime:0.0005s ]
INFO: [ view_parse ] --START--
INFO: [ template_filter ] --START--
INFO: Run Behavior\ContentReplaceBehavior [ RunTime:0.000070s ]
INFO: [ template_filter ] --END-- [ RunTime:0.000120s ]
NOTIC: [8] Undefined variable: cate_list F:\phpStudy\WWW\minihaochecppj\App\Runtime\Cache\Ht\0fa5b2ddb713c3a29860233bcf0f5525.php 第 36 行.
NOTIC: [8] Undefined index: renqi F:\phpStudy\WWW\minihaochecppj\App\Runtime\Cache\Ht\0fa5b2ddb713c3a29860233bcf0f5525.php 第 82 行.
INFO: Run Behavior\ParseTemplateBehavior [ RunTime:0.008930s ]
INFO: [ view_parse ] --END-- [ RunTime:0.008986s ]
INFO: [ view_filter ] --START--
INFO: Run Behavior\WriteHtmlCacheBehavior [ RunTime:0.000519s ]
INFO: [ view_filter ] --END-- [ RunTime:0.000559s ]
INFO: [ app_end ] --START--
INFO: Run Behavior\ShowPageTraceBehavior [ RunTime:0.000613s ]
INFO: [ app_end ] --END-- [ RunTime:0.000666s ]

[ 2017-08-22T11:22:46+08:00 ] ::1 /minihaochecppj/index.php/Ht/News/index.html
NOTIC: [8] Use of undefined constant SHOW_PAGE_TRACE - assumed 'SHOW_PAGE_TRACE' F:\phpStudy\WWW\minihaochecppj\App\Common\Conf\debug.php 第 4 行.
INFO: [ app_init ] --START--
INFO: Run Behavior\BuildLiteBehavior [ RunTime:0.000013s ]
INFO: [ app_init ] --END-- [ RunTime:0.000052s ]
INFO: [ app_begin ] --START--
INFO: Run Behavior\ReadHtmlCacheBehavior [ RunTime:0.000943s ]
INFO: [ app_begin ] --END-- [ RunTime:0.001003s ]
SQL: SHOW COLUMNS FROM `lr_news` [ RunTime:0.0036s ]
NOTIC: [8] Undefined index: cid F:\phpStudy\WWW\minihaochecppj\App\Ht\Controller\NewsController.class.php 第 21 行.
NOTIC: [8] Undefined index: news_name F:\phpStudy\WWW\minihaochecppj\App\Ht\Controller\NewsController.class.php 第 22 行.
SQL: SELECT COUNT(*) AS tp_count FROM `lr_news` LIMIT 1   [ RunTime:0.0003s ]
SQL: SELECT * FROM `lr_news` ORDER BY id desc LIMIT 0,25   [ RunTime:0.0011s ]
INFO: [ view_parse ] --START--
INFO: [ template_filter ] --START--
INFO: Run Behavior\ContentReplaceBehavior [ RunTime:0.000064s ]
INFO: [ template_filter ] --END-- [ RunTime:0.000114s ]
NOTIC: [8] Undefined variable: cate_list F:\phpStudy\WWW\minihaochecppj\App\Runtime\Cache\Ht\d2c2b9f8ff9f06f54a1098e4e461f41e.php 第 27 行.
INFO: Run Behavior\ParseTemplateBehavior [ RunTime:0.009682s ]
INFO: [ view_parse ] --END-- [ RunTime:0.009730s ]
INFO: [ view_filter ] --START--
INFO: Run Behavior\WriteHtmlCacheBehavior [ RunTime:0.000492s ]
INFO: [ view_filter ] --END-- [ RunTime:0.000527s ]
INFO: [ app_end ] --START--
INFO: Run Behavior\ShowPageTraceBehavior [ RunTime:0.000610s ]
INFO: [ app_end ] --END-- [ RunTime:0.000649s ]

[ 2017-08-22T11:36:32+08:00 ] ::1 /minihaochecppj/index.php/Ht/Product/add.html
NOTIC: [8] Use of undefined constant SHOW_PAGE_TRACE - assumed 'SHOW_PAGE_TRACE' F:\phpStudy\WWW\minihaochecppj\App\Common\Conf\debug.php 第 4 行.
INFO: [ app_init ] --START--
INFO: Run Behavior\BuildLiteBehavior [ RunTime:0.000015s ]
INFO: [ app_init ] --END-- [ RunTime:0.000071s ]
INFO: [ app_begin ] --START--
INFO: Run Behavior\ReadHtmlCacheBehavior [ RunTime:0.000855s ]
INFO: [ app_begin ] --END-- [ RunTime:0.000918s ]
NOTIC: [8] Undefined index: id F:\phpStudy\WWW\minihaochecppj\App\Ht\Controller\ProductController.class.php 第 88 行.
NOTIC: [8] Undefined index: page F:\phpStudy\WWW\minihaochecppj\App\Ht\Controller\ProductController.class.php 第 89 行.
NOTIC: [8] Undefined index: name F:\phpStudy\WWW\minihaochecppj\App\Ht\Controller\ProductController.class.php 第 90 行.
NOTIC: [8] Undefined index: type F:\phpStudy\WWW\minihaochecppj\App\Ht\Controller\ProductController.class.php 第 91 行.
NOTIC: [8] Undefined index: submit F:\phpStudy\WWW\minihaochecppj\App\Ht\Controller\ProductController.class.php 第 93 行.
SQL: SHOW COLUMNS FROM `lr_category` [ RunTime:0.0038s ]
SQL: SELECT `id`,`name` FROM `lr_category` WHERE ( tid=1 )  [ RunTime:0.0007s ]
NOTIC: [2] Illegal string offset 'cid' F:\phpStudy\WWW\minihaochecppj\App\Ht\Controller\ProductController.class.php 第 317 行.
NOTIC: [8] Uninitialized string offset: 0 F:\phpStudy\WWW\minihaochecppj\App\Ht\Controller\ProductController.class.php 第 317 行.
SQL: SELECT `tid` FROM `lr_category` WHERE ( id=0 ) LIMIT 1   [ RunTime:0.0004s ]
SQL: SHOW COLUMNS FROM `lr_product` [ RunTime:0.0041s ]
SQL: SELECT `cid` FROM `lr_product` WHERE ( id="0" ) LIMIT 1   [ RunTime:0.0004s ]
SQL: SELECT `tid` FROM `lr_category` WHERE ( id="" ) LIMIT 1   [ RunTime:0.0003s ]
SQL: SHOW COLUMNS FROM `lr_brand` [ RunTime:0.0288s ]
SQL: SELECT `id`,`name` FROM `lr_brand` WHERE ( 1=1 )  [ RunTime:0.0007s ]
SQL: SHOW COLUMNS FROM `lr_attribute` [ RunTime:0.0039s ]
SQL: SELECT * FROM `lr_attribute`  [ RunTime:0.0004s ]
SQL: SHOW COLUMNS FROM `lr_spec` [ RunTime:0.0049s ]
SQL: SELECT * FROM `lr_spec`  [ RunTime:0.0004s ]
SQL: SHOW COLUMNS FROM `lr_tag` [ RunTime:0.0047s ]
SQL: SELECT * FROM `lr_tag`  [ RunTime:0.0004s ]
NOTIC: [8] Undefined variable: shop_id F:\phpStudy\WWW\minihaochecppj\App\Ht\Controller\ProductController.class.php 第 384 行.
NOTIC: [8] Undefined offset: 0 F:\phpStudy\WWW\minihaochecppj\App\Ht\Controller\ProductController.class.php 第 391 行.
INFO: [ view_parse ] --START--
INFO: [ template_filter ] --START--
INFO: Run Behavior\ContentReplaceBehavior [ RunTime:0.000274s ]
INFO: [ template_filter ] --END-- [ RunTime:0.000328s ]
NOTIC: [8] Undefined index: name F:\phpStudy\WWW\minihaochecppj\App\Runtime\Cache\Ht\04b33691f63b9c13a9ceae31ee771556.php 第 41 行.
NOTIC: [8] Undefined index: intro F:\phpStudy\WWW\minihaochecppj\App\Runtime\Cache\Ht\04b33691f63b9c13a9ceae31ee771556.php 第 47 行.
NOTIC: [8] Undefined index: name F:\phpStudy\WWW\minihaochecppj\App\Runtime\Cache\Ht\04b33691f63b9c13a9ceae31ee771556.php 第 53 行.
NOTIC: [8] Undefined index: shop_id F:\phpStudy\WWW\minihaochecppj\App\Runtime\Cache\Ht\04b33691f63b9c13a9ceae31ee771556.php 第 54 行.
NOTIC: [8] Undefined variable: catetwo F:\phpStudy\WWW\minihaochecppj\App\Runtime\Cache\Ht\04b33691f63b9c13a9ceae31ee771556.php 第 67 行.
NOTIC: [8] Undefined index: company F:\phpStudy\WWW\minihaochecppj\App\Runtime\Cache\Ht\04b33691f63b9c13a9ceae31ee771556.php 第 160 行.
NOTIC: [8] Undefined index: price F:\phpStudy\WWW\minihaochecppj\App\Runtime\Cache\Ht\04b33691f63b9c13a9ceae31ee771556.php 第 166 行.
NOTIC: [8] Undefined index: price_yh F:\phpStudy\WWW\minihaochecppj\App\Runtime\Cache\Ht\04b33691f63b9c13a9ceae31ee771556.php 第 172 行.
NOTIC: [8] Undefined index: price_jf F:\phpStudy\WWW\minihaochecppj\App\Runtime\Cache\Ht\04b33691f63b9c13a9ceae31ee771556.php 第 178 行.
NOTIC: [8] Undefined index: pro_number F:\phpStudy\WWW\minihaochecppj\App\Runtime\Cache\Ht\04b33691f63b9c13a9ceae31ee771556.php 第 185 行.
NOTIC: [8] Undefined index: store F:\phpStudy\WWW\minihaochecppj\App\Runtime\Cache\Ht\04b33691f63b9c13a9ceae31ee771556.php 第 191 行.
NOTIC: [8] Undefined offset: 0 F:\phpStudy\WWW\minihaochecppj\App\Runtime\Cache\Ht\04b33691f63b9c13a9ceae31ee771556.php 第 203 行.
NOTIC: [8] Undefined offset: 0 F:\phpStudy\WWW\minihaochecppj\App\Runtime\Cache\Ht\04b33691f63b9c13a9ceae31ee771556.php 第 219 行.
NOTIC: [8] Undefined variable: img_str F:\phpStudy\WWW\minihaochecppj\App\Runtime\Cache\Ht\04b33691f63b9c13a9ceae31ee771556.php 第 236 行.
NOTIC: [8] Undefined index: content F:\phpStudy\WWW\minihaochecppj\App\Runtime\Cache\Ht\04b33691f63b9c13a9ceae31ee771556.php 第 262 行.
NOTIC: [8] Undefined index: param F:\phpStudy\WWW\minihaochecppj\App\Runtime\Cache\Ht\04b33691f63b9c13a9ceae31ee771556.php 第 269 行.
NOTIC: [8] Undefined index: sort F:\phpStudy\WWW\minihaochecppj\App\Runtime\Cache\Ht\04b33691f63b9c13a9ceae31ee771556.php 第 276 行.
NOTIC: [8] Undefined index: renqi F:\phpStudy\WWW\minihaochecppj\App\Runtime\Cache\Ht\04b33691f63b9c13a9ceae31ee771556.php 第 282 行.
NOTIC: [8] Undefined index: id F:\phpStudy\WWW\minihaochecppj\App\Runtime\Cache\Ht\04b33691f63b9c13a9ceae31ee771556.php 第 297 行.
INFO: Run Behavior\ParseTemplateBehavior [ RunTime:0.021113s ]
INFO: [ view_parse ] --END-- [ RunTime:0.021173s ]
INFO: [ view_filter ] --START--
INFO: Run Behavior\WriteHtmlCacheBehavior [ RunTime:0.000559s ]
INFO: [ view_filter ] --END-- [ RunTime:0.000598s ]
INFO: [ app_end ] --START--
INFO: Run Behavior\ShowPageTraceBehavior [ RunTime:0.001255s ]
INFO: [ app_end ] --END-- [ RunTime:0.001323s ]

[ 2017-08-22T11:36:37+08:00 ] ::1 /minihaochecppj/index.php/Ht/Shangchang/index.html?type=xz
NOTIC: [8] Use of undefined constant SHOW_PAGE_TRACE - assumed 'SHOW_PAGE_TRACE' F:\phpStudy\WWW\minihaochecppj\App\Common\Conf\debug.php 第 4 行.
INFO: [ app_init ] --START--
INFO: Run Behavior\BuildLiteBehavior [ RunTime:0.000015s ]
INFO: [ app_init ] --END-- [ RunTime:0.000064s ]
INFO: [ app_begin ] --START--
INFO: Run Behavior\ReadHtmlCacheBehavior [ RunTime:0.000723s ]
INFO: [ app_begin ] --END-- [ RunTime:0.000781s ]
NOTIC: [8] Undefined index: id F:\phpStudy\WWW\minihaochecppj\App\Ht\Controller\ShangchangController.class.php 第 12 行.
NOTIC: [8] Undefined index: tuijian F:\phpStudy\WWW\minihaochecppj\App\Ht\Controller\ShangchangController.class.php 第 14 行.
NOTIC: [8] Undefined index: name F:\phpStudy\WWW\minihaochecppj\App\Ht\Controller\ShangchangController.class.php 第 15 行.
NOTIC: [8] Undefined index: sheng F:\phpStudy\WWW\minihaochecppj\App\Ht\Controller\ShangchangController.class.php 第 16 行.
NOTIC: [8] Undefined index: city F:\phpStudy\WWW\minihaochecppj\App\Ht\Controller\ShangchangController.class.php 第 17 行.
NOTIC: [8] Undefined index: quyu F:\phpStudy\WWW\minihaochecppj\App\Ht\Controller\ShangchangController.class.php 第 18 行.
SQL: SHOW COLUMNS FROM `lr_china_city` [ RunTime:0.0051s ]
SQL: SELECT `tid` FROM `lr_china_city` WHERE ( id=0 ) LIMIT 1   [ RunTime:0.0013s ]
SQL: SELECT `id`,`name` FROM `lr_china_city` WHERE ( tid=0 )  [ RunTime:0.0375s ]
NOTIC: [8] Undefined variable: text F:\phpStudy\WWW\minihaochecppj\App\Ht\Controller\PublicController.class.php 第 64 行.
SQL: SHOW COLUMNS FROM `lr_shangchang` [ RunTime:0.0051s ]
SQL: SELECT COUNT(*) AS tp_count FROM `lr_shangchang` WHERE ( 1=1 ) LIMIT 1   [ RunTime:0.0009s ]
NOTIC: [8] Undefined index: page F:\phpStudy\WWW\minihaochecppj\App\Ht\Controller\ShangchangController.class.php 第 44 行.
SQL: SELECT * FROM `lr_shangchang` WHERE ( 1=1 ) ORDER BY addtime desc LIMIT 0,20   [ RunTime:0.0008s ]
INFO: [ view_parse ] --START--
INFO: [ template_filter ] --START--
INFO: Run Behavior\ContentReplaceBehavior [ RunTime:0.000086s ]
INFO: [ template_filter ] --END-- [ RunTime:0.000141s ]
INFO: Run Behavior\ParseTemplateBehavior [ RunTime:0.016723s ]
INFO: [ view_parse ] --END-- [ RunTime:0.016780s ]
INFO: [ view_filter ] --START--
INFO: Run Behavior\WriteHtmlCacheBehavior [ RunTime:0.000504s ]
INFO: [ view_filter ] --END-- [ RunTime:0.000544s ]
INFO: [ app_end ] --START--
INFO: Run Behavior\ShowPageTraceBehavior [ RunTime:0.002994s ]
INFO: [ app_end ] --END-- [ RunTime:0.003053s ]

