[ 2017-08-22T11:25:58+08:00 ] ::1 /minihaochecppj/Data/UploadFiles/adv/20170815/1502760502154508.jpeg
NOTIC: [8] Use of undefined constant SHOW_PAGE_TRACE - assumed 'SHOW_PAGE_TRACE' F:\phpStudy\WWW\minihaochecppj\App\Common\Conf\debug.php 第 4 行.
INFO: [ app_init ] --START--
INFO: Run Behavior\BuildLiteBehavior [ RunTime:0.000014s ]
INFO: [ app_init ] --END-- [ RunTime:0.000062s ]
ERR: 无法加载模块:Data

[ 2017-08-22T11:25:58+08:00 ] ::1 /minihaochecppj/Data/UploadFiles/adv/20170815/1502760512847714.jpeg
NOTIC: [8] Use of undefined constant SHOW_PAGE_TRACE - assumed 'SHOW_PAGE_TRACE' F:\phpStudy\WWW\minihaochecppj\App\Common\Conf\debug.php 第 4 行.
INFO: [ app_init ] --START--
INFO: Run Behavior\BuildLiteBehavior [ RunTime:0.000015s ]
INFO: [ app_init ] --END-- [ RunTime:0.000067s ]
ERR: 无法加载模块:Data

[ 2017-08-22T11:25:58+08:00 ] ::1 /minihaochecppj/Data/UploadFiles/adv/20170815/1502760488531507.jpeg
NOTIC: [8] Use of undefined constant SHOW_PAGE_TRACE - assumed 'SHOW_PAGE_TRACE' F:\phpStudy\WWW\minihaochecppj\App\Common\Conf\debug.php 第 4 行.
INFO: [ app_init ] --START--
INFO: Run Behavior\BuildLiteBehavior [ RunTime:0.000013s ]
INFO: [ app_init ] --END-- [ RunTime:0.000062s ]
ERR: 无法加载模块:Data

[ 2017-08-22T11:25:58+08:00 ] ::1 /minihaochecppj/Data/UploadFiles/adv/20170815/1502760522132411.jpg
NOTIC: [8] Use of undefined constant SHOW_PAGE_TRACE - assumed 'SHOW_PAGE_TRACE' F:\phpStudy\WWW\minihaochecppj\App\Common\Conf\debug.php 第 4 行.
INFO: [ app_init ] --START--
INFO: Run Behavior\BuildLiteBehavior [ RunTime:0.000013s ]
INFO: [ app_init ] --END-- [ RunTime:0.000056s ]
ERR: 无法加载模块:Data

[ 2017-08-22T11:25:58+08:00 ] ::1 /minihaochecppj/Data/UploadFiles/adv/20170815/1502760480472346.jpg
NOTIC: [8] Use of undefined constant SHOW_PAGE_TRACE - assumed 'SHOW_PAGE_TRACE' F:\phpStudy\WWW\minihaochecppj\App\Common\Conf\debug.php 第 4 行.
INFO: [ app_init ] --START--
INFO: Run Behavior\BuildLiteBehavior [ RunTime:0.000013s ]
INFO: [ app_init ] --END-- [ RunTime:0.000054s ]
ERR: 无法加载模块:Data

[ 2017-08-22T11:27:16+08:00 ] ::1 /minihaochecppj/Data/UploadFiles/adv/20170815/1502760502154508.jpeg
NOTIC: [8] Use of undefined constant SHOW_PAGE_TRACE - assumed 'SHOW_PAGE_TRACE' F:\phpStudy\WWW\minihaochecppj\App\Common\Conf\debug.php 第 4 行.
INFO: [ app_init ] --START--
INFO: Run Behavior\BuildLiteBehavior [ RunTime:0.000013s ]
INFO: [ app_init ] --END-- [ RunTime:0.000054s ]
ERR: 无法加载模块:Data

[ 2017-08-22T11:27:16+08:00 ] ::1 /minihaochecppj/Data/UploadFiles/adv/20170815/1502760488531507.jpeg
NOTIC: [8] Use of undefined constant SHOW_PAGE_TRACE - assumed 'SHOW_PAGE_TRACE' F:\phpStudy\WWW\minihaochecppj\App\Common\Conf\debug.php 第 4 行.
INFO: [ app_init ] --START--
INFO: Run Behavior\BuildLiteBehavior [ RunTime:0.000015s ]
INFO: [ app_init ] --END-- [ RunTime:0.000059s ]
ERR: 无法加载模块:Data

[ 2017-08-22T11:27:16+08:00 ] ::1 /minihaochecppj/Data/UploadFiles/adv/20170815/1502760480472346.jpg
NOTIC: [8] Use of undefined constant SHOW_PAGE_TRACE - assumed 'SHOW_PAGE_TRACE' F:\phpStudy\WWW\minihaochecppj\App\Common\Conf\debug.php 第 4 行.
INFO: [ app_init ] --START--
INFO: Run Behavior\BuildLiteBehavior [ RunTime:0.000017s ]
INFO: [ app_init ] --END-- [ RunTime:0.000096s ]
ERR: 无法加载模块:Data

[ 2017-08-22T11:27:16+08:00 ] ::1 /minihaochecppj/Data/UploadFiles/adv/20170815/1502760512847714.jpeg
NOTIC: [8] Use of undefined constant SHOW_PAGE_TRACE - assumed 'SHOW_PAGE_TRACE' F:\phpStudy\WWW\minihaochecppj\App\Common\Conf\debug.php 第 4 行.
INFO: [ app_init ] --START--
INFO: Run Behavior\BuildLiteBehavior [ RunTime:0.000016s ]
INFO: [ app_init ] --END-- [ RunTime:0.000072s ]
ERR: 无法加载模块:Data

[ 2017-08-22T11:27:16+08:00 ] ::1 /minihaochecppj/Data/UploadFiles/adv/20170815/1502760522132411.jpg
NOTIC: [8] Use of undefined constant SHOW_PAGE_TRACE - assumed 'SHOW_PAGE_TRACE' F:\phpStudy\WWW\minihaochecppj\App\Common\Conf\debug.php 第 4 行.
INFO: [ app_init ] --START--
INFO: Run Behavior\BuildLiteBehavior [ RunTime:0.000016s ]
INFO: [ app_init ] --END-- [ RunTime:0.000125s ]
ERR: 无法加载模块:Data

[ 2017-08-22T11:27:33+08:00 ] ::1 /minihaochecppj/Data/UploadFiles/adv/20170815/1502760488531507.jpeg
NOTIC: [8] Use of undefined constant SHOW_PAGE_TRACE - assumed 'SHOW_PAGE_TRACE' F:\phpStudy\WWW\minihaochecppj\App\Common\Conf\debug.php 第 4 行.
INFO: [ app_init ] --START--
INFO: Run Behavior\BuildLiteBehavior [ RunTime:0.000016s ]
INFO: [ app_init ] --END-- [ RunTime:0.000059s ]
ERR: 无法加载模块:Data

[ 2017-08-22T11:27:33+08:00 ] ::1 /minihaochecppj/Data/UploadFiles/adv/20170815/1502760502154508.jpeg
NOTIC: [8] Use of undefined constant SHOW_PAGE_TRACE - assumed 'SHOW_PAGE_TRACE' F:\phpStudy\WWW\minihaochecppj\App\Common\Conf\debug.php 第 4 行.
INFO: [ app_init ] --START--
INFO: Run Behavior\BuildLiteBehavior [ RunTime:0.000014s ]
INFO: [ app_init ] --END-- [ RunTime:0.000056s ]
ERR: 无法加载模块:Data

[ 2017-08-22T11:27:33+08:00 ] ::1 /minihaochecppj/Data/UploadFiles/adv/20170815/1502760512847714.jpeg
NOTIC: [8] Use of undefined constant SHOW_PAGE_TRACE - assumed 'SHOW_PAGE_TRACE' F:\phpStudy\WWW\minihaochecppj\App\Common\Conf\debug.php 第 4 行.
INFO: [ app_init ] --START--
INFO: Run Behavior\BuildLiteBehavior [ RunTime:0.000031s ]
INFO: [ app_init ] --END-- [ RunTime:0.000111s ]
ERR: 无法加载模块:Data

[ 2017-08-22T11:27:33+08:00 ] ::1 /minihaochecppj/Data/UploadFiles/adv/20170815/1502760480472346.jpg
NOTIC: [8] Use of undefined constant SHOW_PAGE_TRACE - assumed 'SHOW_PAGE_TRACE' F:\phpStudy\WWW\minihaochecppj\App\Common\Conf\debug.php 第 4 行.
INFO: [ app_init ] --START--
INFO: Run Behavior\BuildLiteBehavior [ RunTime:0.000015s ]
INFO: [ app_init ] --END-- [ RunTime:0.000062s ]
ERR: 无法加载模块:Data

[ 2017-08-22T11:27:33+08:00 ] ::1 /minihaochecppj/Data/UploadFiles/adv/20170815/1502760522132411.jpg
NOTIC: [8] Use of undefined constant SHOW_PAGE_TRACE - assumed 'SHOW_PAGE_TRACE' F:\phpStudy\WWW\minihaochecppj\App\Common\Conf\debug.php 第 4 行.
INFO: [ app_init ] --START--
INFO: Run Behavior\BuildLiteBehavior [ RunTime:0.000014s ]
INFO: [ app_init ] --END-- [ RunTime:0.000057s ]
ERR: 无法加载模块:Data

[ 2017-08-22T12:01:40+08:00 ] ::1 /minihaochecppj/Data/UploadFiles/news/20170814/1502681322644246.jpg
NOTIC: [8] Use of undefined constant SHOW_PAGE_TRACE - assumed 'SHOW_PAGE_TRACE' F:\phpStudy\WWW\minihaochecppj\App\Common\Conf\debug.php 第 4 行.
INFO: [ app_init ] --START--
INFO: Run Behavior\BuildLiteBehavior [ RunTime:0.000015s ]
INFO: [ app_init ] --END-- [ RunTime:0.000081s ]
ERR: 无法加载模块:Data

[ 2017-08-22T12:01:40+08:00 ] ::1 /minihaochecppj/Data/UploadFiles/news/20170814/1502681379533944.jpg
NOTIC: [8] Use of undefined constant SHOW_PAGE_TRACE - assumed 'SHOW_PAGE_TRACE' F:\phpStudy\WWW\minihaochecppj\App\Common\Conf\debug.php 第 4 行.
INFO: [ app_init ] --START--
INFO: Run Behavior\BuildLiteBehavior [ RunTime:0.000014s ]
INFO: [ app_init ] --END-- [ RunTime:0.000058s ]
ERR: 无法加载模块:Data

[ 2017-08-22T12:01:40+08:00 ] ::1 /minihaochecppj/Data/UploadFiles/news/20170814/1502679619439668.png
NOTIC: [8] Use of undefined constant SHOW_PAGE_TRACE - assumed 'SHOW_PAGE_TRACE' F:\phpStudy\WWW\minihaochecppj\App\Common\Conf\debug.php 第 4 行.
INFO: [ app_init ] --START--
INFO: Run Behavior\BuildLiteBehavior [ RunTime:0.000053s ]
INFO: [ app_init ] --END-- [ RunTime:0.000170s ]
ERR: 无法加载模块:Data

[ 2017-08-22T12:03:09+08:00 ] ::1 /minihaochecppj/Data/UploadFiles/news/20170814/1502681322644246.jpg
NOTIC: [8] Use of undefined constant SHOW_PAGE_TRACE - assumed 'SHOW_PAGE_TRACE' F:\phpStudy\WWW\minihaochecppj\App\Common\Conf\debug.php 第 4 行.
INFO: [ app_init ] --START--
INFO: Run Behavior\BuildLiteBehavior [ RunTime:0.000016s ]
INFO: [ app_init ] --END-- [ RunTime:0.000065s ]
ERR: 无法加载模块:Data

[ 2017-08-22T12:03:09+08:00 ] ::1 /minihaochecppj/Data/UploadFiles/news/20170814/1502681379533944.jpg
NOTIC: [8] Use of undefined constant SHOW_PAGE_TRACE - assumed 'SHOW_PAGE_TRACE' F:\phpStudy\WWW\minihaochecppj\App\Common\Conf\debug.php 第 4 行.
INFO: [ app_init ] --START--
INFO: Run Behavior\BuildLiteBehavior [ RunTime:0.000014s ]
INFO: [ app_init ] --END-- [ RunTime:0.000061s ]
ERR: 无法加载模块:Data

[ 2017-08-22T12:03:09+08:00 ] ::1 /minihaochecppj/Data/UploadFiles/news/20170814/1502679619439668.png
NOTIC: [8] Use of undefined constant SHOW_PAGE_TRACE - assumed 'SHOW_PAGE_TRACE' F:\phpStudy\WWW\minihaochecppj\App\Common\Conf\debug.php 第 4 行.
INFO: [ app_init ] --START--
INFO: Run Behavior\BuildLiteBehavior [ RunTime:0.000015s ]
INFO: [ app_init ] --END-- [ RunTime:0.000064s ]
ERR: 无法加载模块:Data

[ 2017-08-22T12:50:38+08:00 ] ::1 /minihaochecppj/Data/UploadFiles/news/20170814/1502681379533944.jpg
NOTIC: [8] Use of undefined constant SHOW_PAGE_TRACE - assumed 'SHOW_PAGE_TRACE' F:\phpStudy\WWW\minihaochecppj\App\Common\Conf\debug.php 第 4 行.
INFO: [ app_init ] --START--
INFO: Run Behavior\BuildLiteBehavior [ RunTime:0.000016s ]
INFO: [ app_init ] --END-- [ RunTime:0.000066s ]
ERR: 无法加载模块:Data

[ 2017-08-22T12:50:38+08:00 ] ::1 /minihaochecppj/Data/UploadFiles/news/20170814/1502681322644246.jpg
NOTIC: [8] Use of undefined constant SHOW_PAGE_TRACE - assumed 'SHOW_PAGE_TRACE' F:\phpStudy\WWW\minihaochecppj\App\Common\Conf\debug.php 第 4 行.
INFO: [ app_init ] --START--
INFO: Run Behavior\BuildLiteBehavior [ RunTime:0.000019s ]
INFO: [ app_init ] --END-- [ RunTime:0.000079s ]
ERR: 无法加载模块:Data

[ 2017-08-22T12:50:38+08:00 ] ::1 /minihaochecppj/Data/UploadFiles/news/20170814/1502679619439668.png
NOTIC: [8] Use of undefined constant SHOW_PAGE_TRACE - assumed 'SHOW_PAGE_TRACE' F:\phpStudy\WWW\minihaochecppj\App\Common\Conf\debug.php 第 4 行.
INFO: [ app_init ] --START--
INFO: Run Behavior\BuildLiteBehavior [ RunTime:0.000013s ]
INFO: [ app_init ] --END-- [ RunTime:0.000058s ]
ERR: 无法加载模块:Data

[ 2017-08-22T12:55:44+08:00 ] ::1 /minihaochecppj/Data/UploadFiles/news/20170814/1502681379533944.jpg
NOTIC: [8] Use of undefined constant SHOW_PAGE_TRACE - assumed 'SHOW_PAGE_TRACE' F:\phpStudy\WWW\minihaochecppj\App\Common\Conf\debug.php 第 4 行.
INFO: [ app_init ] --START--
INFO: Run Behavior\BuildLiteBehavior [ RunTime:0.000044s ]
INFO: [ app_init ] --END-- [ RunTime:0.000183s ]
ERR: 无法加载模块:Data

[ 2017-08-22T12:55:44+08:00 ] ::1 /minihaochecppj/Data/UploadFiles/news/20170814/1502679619439668.png
NOTIC: [8] Use of undefined constant SHOW_PAGE_TRACE - assumed 'SHOW_PAGE_TRACE' F:\phpStudy\WWW\minihaochecppj\App\Common\Conf\debug.php 第 4 行.
INFO: [ app_init ] --START--
INFO: Run Behavior\BuildLiteBehavior [ RunTime:0.000014s ]
INFO: [ app_init ] --END-- [ RunTime:0.000063s ]
ERR: 无法加载模块:Data

[ 2017-08-22T12:55:44+08:00 ] ::1 /minihaochecppj/Data/UploadFiles/news/20170814/1502681322644246.jpg
NOTIC: [8] Use of undefined constant SHOW_PAGE_TRACE - assumed 'SHOW_PAGE_TRACE' F:\phpStudy\WWW\minihaochecppj\App\Common\Conf\debug.php 第 4 行.
INFO: [ app_init ] --START--
INFO: Run Behavior\BuildLiteBehavior [ RunTime:0.000015s ]
INFO: [ app_init ] --END-- [ RunTime:0.000066s ]
ERR: 无法加载模块:Data

[ 2017-08-22T12:56:20+08:00 ] ::1 /minihaochecppj/Data/UploadFiles/news/20170814/1502681379533944.jpg
NOTIC: [8] Use of undefined constant SHOW_PAGE_TRACE - assumed 'SHOW_PAGE_TRACE' F:\phpStudy\WWW\minihaochecppj\App\Common\Conf\debug.php 第 4 行.
INFO: [ app_init ] --START--
INFO: Run Behavior\BuildLiteBehavior [ RunTime:0.000040s ]
INFO: [ app_init ] --END-- [ RunTime:0.000087s ]
ERR: 无法加载模块:Data

[ 2017-08-22T12:56:20+08:00 ] ::1 /minihaochecppj/Data/UploadFiles/news/20170814/1502681322644246.jpg
NOTIC: [8] Use of undefined constant SHOW_PAGE_TRACE - assumed 'SHOW_PAGE_TRACE' F:\phpStudy\WWW\minihaochecppj\App\Common\Conf\debug.php 第 4 行.
INFO: [ app_init ] --START--
INFO: Run Behavior\BuildLiteBehavior [ RunTime:0.000065s ]
INFO: [ app_init ] --END-- [ RunTime:0.000204s ]
ERR: 无法加载模块:Data

[ 2017-08-22T12:56:20+08:00 ] ::1 /minihaochecppj/Data/UploadFiles/news/20170814/1502679619439668.png
NOTIC: [8] Use of undefined constant SHOW_PAGE_TRACE - assumed 'SHOW_PAGE_TRACE' F:\phpStudy\WWW\minihaochecppj\App\Common\Conf\debug.php 第 4 行.
INFO: [ app_init ] --START--
INFO: Run Behavior\BuildLiteBehavior [ RunTime:0.000018s ]
INFO: [ app_init ] --END-- [ RunTime:0.000082s ]
ERR: 无法加载模块:Data

[ 2017-08-22T12:58:17+08:00 ] ::1 /minihaochecppj/Data/UploadFiles/news/20170814/1502681379533944.jpg
NOTIC: [8] Use of undefined constant SHOW_PAGE_TRACE - assumed 'SHOW_PAGE_TRACE' F:\phpStudy\WWW\minihaochecppj\App\Common\Conf\debug.php 第 4 行.
INFO: [ app_init ] --START--
INFO: Run Behavior\BuildLiteBehavior [ RunTime:0.000017s ]
INFO: [ app_init ] --END-- [ RunTime:0.000075s ]
ERR: 无法加载模块:Data

[ 2017-08-22T12:58:17+08:00 ] ::1 /minihaochecppj/Data/UploadFiles/news/20170814/1502679619439668.png
NOTIC: [8] Use of undefined constant SHOW_PAGE_TRACE - assumed 'SHOW_PAGE_TRACE' F:\phpStudy\WWW\minihaochecppj\App\Common\Conf\debug.php 第 4 行.
INFO: [ app_init ] --START--
INFO: Run Behavior\BuildLiteBehavior [ RunTime:0.000018s ]
INFO: [ app_init ] --END-- [ RunTime:0.000073s ]
ERR: 无法加载模块:Data

[ 2017-08-22T12:58:17+08:00 ] ::1 /minihaochecppj/Data/UploadFiles/news/20170814/1502681322644246.jpg
NOTIC: [8] Use of undefined constant SHOW_PAGE_TRACE - assumed 'SHOW_PAGE_TRACE' F:\phpStudy\WWW\minihaochecppj\App\Common\Conf\debug.php 第 4 行.
INFO: [ app_init ] --START--
INFO: Run Behavior\BuildLiteBehavior [ RunTime:0.000017s ]
INFO: [ app_init ] --END-- [ RunTime:0.000075s ]
ERR: 无法加载模块:Data

[ 2017-08-22T12:59:44+08:00 ] ::1 /minihaochecppj/Data/UploadFiles/news/20170814/1502679619439668.png
NOTIC: [8] Use of undefined constant SHOW_PAGE_TRACE - assumed 'SHOW_PAGE_TRACE' F:\phpStudy\WWW\minihaochecppj\App\Common\Conf\debug.php 第 4 行.
INFO: [ app_init ] --START--
INFO: Run Behavior\BuildLiteBehavior [ RunTime:0.000014s ]
INFO: [ app_init ] --END-- [ RunTime:0.000059s ]
ERR: 无法加载模块:Data

[ 2017-08-22T12:59:44+08:00 ] ::1 /minihaochecppj/Data/UploadFiles/news/20170814/1502681322644246.jpg
NOTIC: [8] Use of undefined constant SHOW_PAGE_TRACE - assumed 'SHOW_PAGE_TRACE' F:\phpStudy\WWW\minihaochecppj\App\Common\Conf\debug.php 第 4 行.
INFO: [ app_init ] --START--
INFO: Run Behavior\BuildLiteBehavior [ RunTime:0.000014s ]
INFO: [ app_init ] --END-- [ RunTime:0.000061s ]
ERR: 无法加载模块:Data

[ 2017-08-22T12:59:44+08:00 ] ::1 /minihaochecppj/Data/UploadFiles/news/20170814/1502681379533944.jpg
NOTIC: [8] Use of undefined constant SHOW_PAGE_TRACE - assumed 'SHOW_PAGE_TRACE' F:\phpStudy\WWW\minihaochecppj\App\Common\Conf\debug.php 第 4 行.
INFO: [ app_init ] --START--
INFO: Run Behavior\BuildLiteBehavior [ RunTime:0.000023s ]
INFO: [ app_init ] --END-- [ RunTime:0.000081s ]
ERR: 无法加载模块:Data

[ 2017-08-22T13:00:29+08:00 ] ::1 /minihaochecppj/Data/UploadFiles/news/20170814/1502681379533944.jpg
NOTIC: [8] Use of undefined constant SHOW_PAGE_TRACE - assumed 'SHOW_PAGE_TRACE' F:\phpStudy\WWW\minihaochecppj\App\Common\Conf\debug.php 第 4 行.
INFO: [ app_init ] --START--
INFO: Run Behavior\BuildLiteBehavior [ RunTime:0.000018s ]
INFO: [ app_init ] --END-- [ RunTime:0.000076s ]
ERR: 无法加载模块:Data

[ 2017-08-22T13:00:29+08:00 ] ::1 /minihaochecppj/Data/UploadFiles/news/20170814/1502679619439668.png
NOTIC: [8] Use of undefined constant SHOW_PAGE_TRACE - assumed 'SHOW_PAGE_TRACE' F:\phpStudy\WWW\minihaochecppj\App\Common\Conf\debug.php 第 4 行.
INFO: [ app_init ] --START--
INFO: Run Behavior\BuildLiteBehavior [ RunTime:0.000018s ]
INFO: [ app_init ] --END-- [ RunTime:0.000068s ]
ERR: 无法加载模块:Data

[ 2017-08-22T13:00:29+08:00 ] ::1 /minihaochecppj/Data/UploadFiles/news/20170814/1502681322644246.jpg
NOTIC: [8] Use of undefined constant SHOW_PAGE_TRACE - assumed 'SHOW_PAGE_TRACE' F:\phpStudy\WWW\minihaochecppj\App\Common\Conf\debug.php 第 4 行.
INFO: [ app_init ] --START--
INFO: Run Behavior\BuildLiteBehavior [ RunTime:0.000015s ]
INFO: [ app_init ] --END-- [ RunTime:0.000062s ]
ERR: 无法加载模块:Data

[ 2017-08-22T13:01:31+08:00 ] ::1 /minihaochecppj/Data/UploadFiles/news/20170814/1502679619439668.png
NOTIC: [8] Use of undefined constant SHOW_PAGE_TRACE - assumed 'SHOW_PAGE_TRACE' F:\phpStudy\WWW\minihaochecppj\App\Common\Conf\debug.php 第 4 行.
INFO: [ app_init ] --START--
INFO: Run Behavior\BuildLiteBehavior [ RunTime:0.000013s ]
INFO: [ app_init ] --END-- [ RunTime:0.000058s ]
ERR: 无法加载模块:Data

[ 2017-08-22T13:01:31+08:00 ] ::1 /minihaochecppj/Data/UploadFiles/news/20170814/1502681379533944.jpg
NOTIC: [8] Use of undefined constant SHOW_PAGE_TRACE - assumed 'SHOW_PAGE_TRACE' F:\phpStudy\WWW\minihaochecppj\App\Common\Conf\debug.php 第 4 行.
INFO: [ app_init ] --START--
INFO: Run Behavior\BuildLiteBehavior [ RunTime:0.000012s ]
INFO: [ app_init ] --END-- [ RunTime:0.000053s ]
ERR: 无法加载模块:Data

[ 2017-08-22T13:01:31+08:00 ] ::1 /minihaochecppj/Data/UploadFiles/news/20170814/1502681322644246.jpg
NOTIC: [8] Use of undefined constant SHOW_PAGE_TRACE - assumed 'SHOW_PAGE_TRACE' F:\phpStudy\WWW\minihaochecppj\App\Common\Conf\debug.php 第 4 行.
INFO: [ app_init ] --START--
INFO: Run Behavior\BuildLiteBehavior [ RunTime:0.000014s ]
INFO: [ app_init ] --END-- [ RunTime:0.000060s ]
ERR: 无法加载模块:Data

[ 2017-08-22T13:01:58+08:00 ] ::1 /minihaochecppj/Data/UploadFiles/news/20170814/1502679619439668.png
NOTIC: [8] Use of undefined constant SHOW_PAGE_TRACE - assumed 'SHOW_PAGE_TRACE' F:\phpStudy\WWW\minihaochecppj\App\Common\Conf\debug.php 第 4 行.
INFO: [ app_init ] --START--
INFO: Run Behavior\BuildLiteBehavior [ RunTime:0.000015s ]
INFO: [ app_init ] --END-- [ RunTime:0.000068s ]
ERR: 无法加载模块:Data

[ 2017-08-22T13:01:58+08:00 ] ::1 /minihaochecppj/Data/UploadFiles/news/20170814/1502681379533944.jpg
NOTIC: [8] Use of undefined constant SHOW_PAGE_TRACE - assumed 'SHOW_PAGE_TRACE' F:\phpStudy\WWW\minihaochecppj\App\Common\Conf\debug.php 第 4 行.
INFO: [ app_init ] --START--
INFO: Run Behavior\BuildLiteBehavior [ RunTime:0.000013s ]
INFO: [ app_init ] --END-- [ RunTime:0.000060s ]
ERR: 无法加载模块:Data

[ 2017-08-22T13:01:58+08:00 ] ::1 /minihaochecppj/Data/UploadFiles/news/20170814/1502681322644246.jpg
NOTIC: [8] Use of undefined constant SHOW_PAGE_TRACE - assumed 'SHOW_PAGE_TRACE' F:\phpStudy\WWW\minihaochecppj\App\Common\Conf\debug.php 第 4 行.
INFO: [ app_init ] --START--
INFO: Run Behavior\BuildLiteBehavior [ RunTime:0.000017s ]
INFO: [ app_init ] --END-- [ RunTime:0.000071s ]
ERR: 无法加载模块:Data

[ 2017-08-22T13:02:38+08:00 ] ::1 /minihaochecppj/Data/UploadFiles/news/20170814/1502681379533944.jpg
NOTIC: [8] Use of undefined constant SHOW_PAGE_TRACE - assumed 'SHOW_PAGE_TRACE' F:\phpStudy\WWW\minihaochecppj\App\Common\Conf\debug.php 第 4 行.
INFO: [ app_init ] --START--
INFO: Run Behavior\BuildLiteBehavior [ RunTime:0.000014s ]
INFO: [ app_init ] --END-- [ RunTime:0.000064s ]
ERR: 无法加载模块:Data

[ 2017-08-22T13:02:38+08:00 ] ::1 /minihaochecppj/Data/UploadFiles/news/20170814/1502679619439668.png
NOTIC: [8] Use of undefined constant SHOW_PAGE_TRACE - assumed 'SHOW_PAGE_TRACE' F:\phpStudy\WWW\minihaochecppj\App\Common\Conf\debug.php 第 4 行.
INFO: [ app_init ] --START--
INFO: Run Behavior\BuildLiteBehavior [ RunTime:0.000013s ]
INFO: [ app_init ] --END-- [ RunTime:0.000059s ]
ERR: 无法加载模块:Data

[ 2017-08-22T13:02:38+08:00 ] ::1 /minihaochecppj/Data/UploadFiles/news/20170814/1502681322644246.jpg
NOTIC: [8] Use of undefined constant SHOW_PAGE_TRACE - assumed 'SHOW_PAGE_TRACE' F:\phpStudy\WWW\minihaochecppj\App\Common\Conf\debug.php 第 4 行.
INFO: [ app_init ] --START--
INFO: Run Behavior\BuildLiteBehavior [ RunTime:0.000018s ]
INFO: [ app_init ] --END-- [ RunTime:0.000107s ]
ERR: 无法加载模块:Data

[ 2017-08-22T13:34:20+08:00 ] ::1 /minihaochecppj/Data/UploadFiles/news/20170814/1502679619439668.png
NOTIC: [8] Use of undefined constant SHOW_PAGE_TRACE - assumed 'SHOW_PAGE_TRACE' F:\phpStudy\WWW\minihaochecppj\App\Common\Conf\debug.php 第 4 行.
INFO: [ app_init ] --START--
INFO: Run Behavior\BuildLiteBehavior [ RunTime:0.000015s ]
INFO: [ app_init ] --END-- [ RunTime:0.000062s ]
ERR: 无法加载模块:Data

[ 2017-08-22T13:34:20+08:00 ] ::1 /minihaochecppj/Data/UploadFiles/news/20170814/1502681379533944.jpg
NOTIC: [8] Use of undefined constant SHOW_PAGE_TRACE - assumed 'SHOW_PAGE_TRACE' F:\phpStudy\WWW\minihaochecppj\App\Common\Conf\debug.php 第 4 行.
INFO: [ app_init ] --START--
INFO: Run Behavior\BuildLiteBehavior [ RunTime:0.000014s ]
INFO: [ app_init ] --END-- [ RunTime:0.000056s ]
ERR: 无法加载模块:Data

[ 2017-08-22T13:34:20+08:00 ] ::1 /minihaochecppj/Data/UploadFiles/news/20170814/1502681322644246.jpg
NOTIC: [8] Use of undefined constant SHOW_PAGE_TRACE - assumed 'SHOW_PAGE_TRACE' F:\phpStudy\WWW\minihaochecppj\App\Common\Conf\debug.php 第 4 行.
INFO: [ app_init ] --START--
INFO: Run Behavior\BuildLiteBehavior [ RunTime:0.000013s ]
INFO: [ app_init ] --END-- [ RunTime:0.000056s ]
ERR: 无法加载模块:Data

[ 2017-08-22T13:39:32+08:00 ] ::1 /minihaochecppj/Data/UploadFiles/news/20170814/1502681322644246.jpg
NOTIC: [8] Use of undefined constant SHOW_PAGE_TRACE - assumed 'SHOW_PAGE_TRACE' F:\phpStudy\WWW\minihaochecppj\App\Common\Conf\debug.php 第 4 行.
INFO: [ app_init ] --START--
INFO: Run Behavior\BuildLiteBehavior [ RunTime:0.000018s ]
INFO: [ app_init ] --END-- [ RunTime:0.000077s ]
ERR: 无法加载模块:Data

[ 2017-08-22T13:39:32+08:00 ] ::1 /minihaochecppj/Data/UploadFiles/news/20170814/1502681379533944.jpg
NOTIC: [8] Use of undefined constant SHOW_PAGE_TRACE - assumed 'SHOW_PAGE_TRACE' F:\phpStudy\WWW\minihaochecppj\App\Common\Conf\debug.php 第 4 行.
INFO: [ app_init ] --START--
INFO: Run Behavior\BuildLiteBehavior [ RunTime:0.000016s ]
INFO: [ app_init ] --END-- [ RunTime:0.000071s ]
ERR: 无法加载模块:Data

[ 2017-08-22T13:39:32+08:00 ] ::1 /minihaochecppj/Data/UploadFiles/news/20170814/1502679619439668.png
NOTIC: [8] Use of undefined constant SHOW_PAGE_TRACE - assumed 'SHOW_PAGE_TRACE' F:\phpStudy\WWW\minihaochecppj\App\Common\Conf\debug.php 第 4 行.
INFO: [ app_init ] --START--
INFO: Run Behavior\BuildLiteBehavior [ RunTime:0.000015s ]
INFO: [ app_init ] --END-- [ RunTime:0.000062s ]
ERR: 无法加载模块:Data

[ 2017-08-22T13:42:29+08:00 ] ::1 /minihaochecppj/Data/UploadFiles/news/20170814/1502681379533944.jpg
NOTIC: [8] Use of undefined constant SHOW_PAGE_TRACE - assumed 'SHOW_PAGE_TRACE' F:\phpStudy\WWW\minihaochecppj\App\Common\Conf\debug.php 第 4 行.
INFO: [ app_init ] --START--
INFO: Run Behavior\BuildLiteBehavior [ RunTime:0.000041s ]
INFO: [ app_init ] --END-- [ RunTime:0.000178s ]
ERR: 无法加载模块:Data

[ 2017-08-22T13:42:29+08:00 ] ::1 /minihaochecppj/Data/UploadFiles/news/20170814/1502681322644246.jpg
NOTIC: [8] Use of undefined constant SHOW_PAGE_TRACE - assumed 'SHOW_PAGE_TRACE' F:\phpStudy\WWW\minihaochecppj\App\Common\Conf\debug.php 第 4 行.
INFO: [ app_init ] --START--
INFO: Run Behavior\BuildLiteBehavior [ RunTime:0.000017s ]
INFO: [ app_init ] --END-- [ RunTime:0.000075s ]
ERR: 无法加载模块:Data

[ 2017-08-22T13:42:29+08:00 ] ::1 /minihaochecppj/Data/UploadFiles/news/20170814/1502679619439668.png
NOTIC: [8] Use of undefined constant SHOW_PAGE_TRACE - assumed 'SHOW_PAGE_TRACE' F:\phpStudy\WWW\minihaochecppj\App\Common\Conf\debug.php 第 4 行.
INFO: [ app_init ] --START--
INFO: Run Behavior\BuildLiteBehavior [ RunTime:0.000014s ]
INFO: [ app_init ] --END-- [ RunTime:0.000059s ]
ERR: 无法加载模块:Data

